<?xml version="1.0" encoding="UTF-8"?>
<testng-results ignored="1" total="31" passed="22" failed="8" skipped="0">
  <reporter-output>
  </reporter-output>
  <suite started-at="2022-09-01T13:47:17Z" name="Amazon Test Suite" finished-at="2022-09-01T13:59:57Z" duration-ms="759809">
    <groups>
    </groups>
    <test started-at="2022-09-01T13:47:17Z" name="Amazon Babbel Test" finished-at="2022-09-01T13:59:57Z" duration-ms="759809">
      <class name="com.amazon.Tests.HomePageTest">
        <test-method is-config="true" signature="setUp()[pri:0, instance:com.amazon.Tests.HomePageTest@49070868]" started-at="2022-09-01T22:47:17Z" name="setUp" finished-at="2022-09-01T22:47:23Z" duration-ms="5906" status="PASS">
          <reporter-output>
          </reporter-output>
        </test-method> <!-- setUp -->
        <test-method signature="verifySearchBox(java.lang.String, java.lang.String)[pri:2, instance:com.amazon.Tests.HomePageTest@49070868]" started-at="2022-09-01T22:47:23Z" name="verifySearchBox" finished-at="2022-09-01T22:47:41Z" duration-ms="17443" status="PASS">
          <params>
            <param index="0">
              <value>
                <![CDATA[ntatthakur@gmail.com]]>
              </value>
            </param>
            <param index="1">
              <value>
                <![CDATA[79aAA79@@]]>
              </value>
            </param>
          </params>
          <reporter-output>
          </reporter-output>
        </test-method> <!-- verifySearchBox -->
        <test-method is-config="true" signature="tearDown()[pri:0, instance:com.amazon.Tests.HomePageTest@49070868]" started-at="2022-09-01T22:47:41Z" name="tearDown" finished-at="2022-09-01T22:47:42Z" duration-ms="1470" status="PASS">
          <reporter-output>
          </reporter-output>
        </test-method> <!-- tearDown -->
        <test-method is-config="true" signature="setUp()[pri:0, instance:com.amazon.Tests.HomePageTest@49070868]" started-at="2022-09-01T22:47:42Z" name="setUp" finished-at="2022-09-01T22:47:47Z" duration-ms="4698" status="PASS">
          <reporter-output>
          </reporter-output>
        </test-method> <!-- setUp -->
        <test-method signature="verifySearchBox(java.lang.String, java.lang.String)[pri:2, instance:com.amazon.Tests.HomePageTest@49070868]" started-at="2022-09-01T22:47:47Z" name="verifySearchBox" finished-at="2022-09-01T22:48:08Z" duration-ms="20603" status="PASS">
          <params>
            <param index="0">
              <value>
                <![CDATA[ntatthakur@gmail.com]]>
              </value>
            </param>
            <param index="1">
              <value>
                <![CDATA[79aAA79@@]]>
              </value>
            </param>
          </params>
          <reporter-output>
          </reporter-output>
        </test-method> <!-- verifySearchBox -->
        <test-method is-config="true" signature="tearDown()[pri:0, instance:com.amazon.Tests.HomePageTest@49070868]" started-at="2022-09-01T22:48:08Z" name="tearDown" finished-at="2022-09-01T22:48:09Z" duration-ms="1469" status="PASS">
          <reporter-output>
          </reporter-output>
        </test-method> <!-- tearDown -->
        <test-method is-config="true" signature="setUp()[pri:0, instance:com.amazon.Tests.HomePageTest@49070868]" started-at="2022-09-01T22:48:09Z" name="setUp" finished-at="2022-09-01T22:48:14Z" duration-ms="5164" status="PASS">
          <reporter-output>
          </reporter-output>
        </test-method> <!-- setUp -->
        <test-method signature="verifySearchBox(java.lang.String, java.lang.String)[pri:2, instance:com.amazon.Tests.HomePageTest@49070868]" started-at="2022-09-01T22:48:14Z" name="verifySearchBox" finished-at="2022-09-01T22:48:29Z" duration-ms="14780" status="FAIL">
          <params>
            <param index="0">
              <value>
                <![CDATA[ntatthakur@gmail.com]]>
              </value>
            </param>
            <param index="1">
              <value>
                <![CDATA[79aAA79@@]]>
              </value>
            </param>
          </params>
          <exception class="org.openqa.selenium.TimeoutException">
            <message>
              <![CDATA[timeout: Timed out receiving message from renderer: 10.000
  (Session info: chrome=105.0.5195.52)
Build info: version: '3.14.0', revision: 'aacccce0', time: '2018-08-02T20:19:58.91Z'
System info: host: 'P63653', ip: '2400:4051:240:9500:4d6f:4dd5:735:59a%en0', os.name: 'Mac OS X', os.arch: 'x86_64', os.version: '10.16', java.version: '15.0.1'
Driver info: org.openqa.selenium.chrome.ChromeDriver
Capabilities {acceptInsecureCerts: false, browserName: chrome, browserVersion: 105.0.5195.52, chrome: {chromedriverVersion: 105.0.5195.52 (412c95e51883..., userDataDir: /var/folders/5n/dg2hg5s131z...}, goog:chromeOptions: {debuggerAddress: localhost:53251}, javascriptEnabled: true, networkConnectionEnabled: false, pageLoadStrategy: normal, platform: MAC, platformName: MAC, proxy: Proxy(), setWindowRect: true, strictFileInteractability: false, timeouts: {implicit: 0, pageLoad: 300000, script: 30000}, unhandledPromptBehavior: dismiss and notify, webauthn:extension:credBlob: true, webauthn:extension:largeBlob: true, webauthn:virtualAuthenticators: true}
Session ID: 2b854f43298beb660d4d53acf4d6f4d3]]>
            </message>
            <full-stacktrace>
              <![CDATA[org.openqa.selenium.TimeoutException: timeout: Timed out receiving message from renderer: 10.000
  (Session info: chrome=105.0.5195.52)
Build info: version: '3.14.0', revision: 'aacccce0', time: '2018-08-02T20:19:58.91Z'
System info: host: 'P63653', ip: '2400:4051:240:9500:4d6f:4dd5:735:59a%en0', os.name: 'Mac OS X', os.arch: 'x86_64', os.version: '10.16', java.version: '15.0.1'
Driver info: org.openqa.selenium.chrome.ChromeDriver
Capabilities {acceptInsecureCerts: false, browserName: chrome, browserVersion: 105.0.5195.52, chrome: {chromedriverVersion: 105.0.5195.52 (412c95e51883..., userDataDir: /var/folders/5n/dg2hg5s131z...}, goog:chromeOptions: {debuggerAddress: localhost:53251}, javascriptEnabled: true, networkConnectionEnabled: false, pageLoadStrategy: normal, platform: MAC, platformName: MAC, proxy: Proxy(), setWindowRect: true, strictFileInteractability: false, timeouts: {implicit: 0, pageLoad: 300000, script: 30000}, unhandledPromptBehavior: dismiss and notify, webauthn:extension:credBlob: true, webauthn:extension:largeBlob: true, webauthn:virtualAuthenticators: true}
Session ID: 2b854f43298beb660d4d53acf4d6f4d3
	at java.base/jdk.internal.reflect.NativeConstructorAccessorImpl.newInstance0(Native Method)
	at java.base/jdk.internal.reflect.NativeConstructorAccessorImpl.newInstance(NativeConstructorAccessorImpl.java:64)
	at java.base/jdk.internal.reflect.DelegatingConstructorAccessorImpl.newInstance(DelegatingConstructorAccessorImpl.java:45)
	at java.base/java.lang.reflect.Constructor.newInstanceWithCaller(Constructor.java:500)
	at java.base/java.lang.reflect.Constructor.newInstance(Constructor.java:481)
	at org.openqa.selenium.remote.http.W3CHttpResponseCodec.createException(W3CHttpResponseCodec.java:187)
	at org.openqa.selenium.remote.http.W3CHttpResponseCodec.decode(W3CHttpResponseCodec.java:122)
	at org.openqa.selenium.remote.http.W3CHttpResponseCodec.decode(W3CHttpResponseCodec.java:49)
	at org.openqa.selenium.remote.HttpCommandExecutor.execute(HttpCommandExecutor.java:158)
	at org.openqa.selenium.remote.service.DriverCommandExecutor.execute(DriverCommandExecutor.java:83)
	at org.openqa.selenium.remote.RemoteWebDriver.execute(RemoteWebDriver.java:548)
	at org.openqa.selenium.remote.RemoteWebElement.execute(RemoteWebElement.java:276)
	at org.openqa.selenium.remote.RemoteWebElement.click(RemoteWebElement.java:83)
	at java.base/jdk.internal.reflect.NativeMethodAccessorImpl.invoke0(Native Method)
	at java.base/jdk.internal.reflect.NativeMethodAccessorImpl.invoke(NativeMethodAccessorImpl.java:64)
	at java.base/jdk.internal.reflect.DelegatingMethodAccessorImpl.invoke(DelegatingMethodAccessorImpl.java:43)
	at java.base/java.lang.reflect.Method.invoke(Method.java:564)
	at org.openqa.selenium.support.pagefactory.internal.LocatingElementHandler.invoke(LocatingElementHandler.java:51)
	at com.sun.proxy.$Proxy10.click(Unknown Source)
	at com.amazon.Pages.HomePage.searchItem(HomePage.java:37)
	at com.amazon.Tests.HomePageTest.verifySearchBox(HomePageTest.java:49)
	at java.base/jdk.internal.reflect.NativeMethodAccessorImpl.invoke0(Native Method)
	at java.base/jdk.internal.reflect.NativeMethodAccessorImpl.invoke(NativeMethodAccessorImpl.java:64)
	at java.base/jdk.internal.reflect.DelegatingMethodAccessorImpl.invoke(DelegatingMethodAccessorImpl.java:43)
	at java.base/java.lang.reflect.Method.invoke(Method.java:564)
	at org.testng.internal.MethodInvocationHelper.invokeMethod(MethodInvocationHelper.java:108)
	at org.testng.internal.Invoker.invokeMethod(Invoker.java:661)
	at org.testng.internal.Invoker.invokeTestMethod(Invoker.java:869)
	at org.testng.internal.Invoker.invokeTestMethods(Invoker.java:1193)
	at org.testng.internal.TestMethodWorker.invokeTestMethods(TestMethodWorker.java:126)
	at org.testng.internal.TestMethodWorker.run(TestMethodWorker.java:109)
	at org.testng.TestRunner.privateRun(TestRunner.java:744)
	at org.testng.TestRunner.run(TestRunner.java:602)
	at org.testng.SuiteRunner.runTest(SuiteRunner.java:380)
	at org.testng.SuiteRunner.runSequentially(SuiteRunner.java:375)
	at org.testng.SuiteRunner.privateRun(SuiteRunner.java:340)
	at org.testng.SuiteRunner.run(SuiteRunner.java:289)
	at org.testng.SuiteRunnerWorker.runSuite(SuiteRunnerWorker.java:52)
	at org.testng.SuiteRunnerWorker.run(SuiteRunnerWorker.java:86)
	at org.testng.TestNG.runSuitesSequentially(TestNG.java:1301)
	at org.testng.TestNG.runSuitesLocally(TestNG.java:1226)
	at org.testng.TestNG.runSuites(TestNG.java:1144)
	at org.testng.TestNG.run(TestNG.java:1115)
	at org.apache.maven.surefire.testng.TestNGExecutor.run(TestNGExecutor.java:284)
	at org.apache.maven.surefire.testng.TestNGXmlTestSuite.execute(TestNGXmlTestSuite.java:75)
	at org.apache.maven.surefire.testng.TestNGProvider.invoke(TestNGProvider.java:119)
	at org.apache.maven.surefire.booter.ForkedBooter.runSuitesInProcess(ForkedBooter.java:428)
	at org.apache.maven.surefire.booter.ForkedBooter.execute(ForkedBooter.java:162)
	at org.apache.maven.surefire.booter.ForkedBooter.run(ForkedBooter.java:562)
	at org.apache.maven.surefire.booter.ForkedBooter.main(ForkedBooter.java:548)
]]>
            </full-stacktrace>
          </exception> <!-- org.openqa.selenium.TimeoutException -->
          <reporter-output>
          </reporter-output>
        </test-method> <!-- verifySearchBox -->
        <test-method is-config="true" signature="tearDown()[pri:0, instance:com.amazon.Tests.HomePageTest@49070868]" started-at="2022-09-01T22:48:29Z" name="tearDown" finished-at="2022-09-01T22:48:30Z" duration-ms="1213" status="PASS">
          <reporter-output>
          </reporter-output>
        </test-method> <!-- tearDown -->
        <test-method is-config="true" signature="setUp()[pri:0, instance:com.amazon.Tests.HomePageTest@49070868]" started-at="2022-09-01T22:48:30Z" name="setUp" finished-at="2022-09-01T22:48:35Z" duration-ms="4903" status="PASS">
          <reporter-output>
          </reporter-output>
        </test-method> <!-- setUp -->
        <test-method signature="verifySearchBox(java.lang.String, java.lang.String)[pri:2, instance:com.amazon.Tests.HomePageTest@49070868]" started-at="2022-09-01T22:48:35Z" name="verifySearchBox" finished-at="2022-09-01T22:48:52Z" duration-ms="16459" status="PASS">
          <params>
            <param index="0">
              <value>
                <![CDATA[ntatthakur@gmail.com]]>
              </value>
            </param>
            <param index="1">
              <value>
                <![CDATA[79aAA79@@]]>
              </value>
            </param>
          </params>
          <reporter-output>
          </reporter-output>
        </test-method> <!-- verifySearchBox -->
        <test-method is-config="true" signature="tearDown()[pri:0, instance:com.amazon.Tests.HomePageTest@49070868]" started-at="2022-09-01T22:48:52Z" name="tearDown" finished-at="2022-09-01T22:48:53Z" duration-ms="1369" status="PASS">
          <reporter-output>
          </reporter-output>
        </test-method> <!-- tearDown -->
        <test-method is-config="true" signature="setUp()[pri:0, instance:com.amazon.Tests.HomePageTest@49070868]" started-at="2022-09-01T22:48:53Z" name="setUp" finished-at="2022-09-01T22:48:59Z" duration-ms="5630" status="PASS">
          <reporter-output>
          </reporter-output>
        </test-method> <!-- setUp -->
        <test-method signature="verifySearchBox(java.lang.String, java.lang.String)[pri:2, instance:com.amazon.Tests.HomePageTest@49070868]" started-at="2022-09-01T22:48:59Z" name="verifySearchBox" finished-at="2022-09-01T22:49:14Z" duration-ms="15419" status="PASS">
          <params>
            <param index="0">
              <value>
                <![CDATA[ntatthakur@gmail.com]]>
              </value>
            </param>
            <param index="1">
              <value>
                <![CDATA[79aAA79@@]]>
              </value>
            </param>
          </params>
          <reporter-output>
          </reporter-output>
        </test-method> <!-- verifySearchBox -->
        <test-method is-config="true" signature="tearDown()[pri:0, instance:com.amazon.Tests.HomePageTest@49070868]" started-at="2022-09-01T22:49:14Z" name="tearDown" finished-at="2022-09-01T22:49:15Z" duration-ms="1347" status="PASS">
          <reporter-output>
          </reporter-output>
        </test-method> <!-- tearDown -->
        <test-method is-config="true" signature="setUp()[pri:0, instance:com.amazon.Tests.HomePageTest@49070868]" started-at="2022-09-01T22:49:15Z" name="setUp" finished-at="2022-09-01T22:49:20Z" duration-ms="4314" status="PASS">
          <reporter-output>
          </reporter-output>
        </test-method> <!-- setUp -->
        <test-method signature="verifySearchBox(java.lang.String, java.lang.String)[pri:2, instance:com.amazon.Tests.HomePageTest@49070868]" started-at="2022-09-01T22:49:20Z" name="verifySearchBox" finished-at="2022-09-01T22:49:36Z" duration-ms="16728" status="PASS">
          <params>
            <param index="0">
              <value>
                <![CDATA[ntatthakur@gmail.com]]>
              </value>
            </param>
            <param index="1">
              <value>
                <![CDATA[79aAA79@@]]>
              </value>
            </param>
          </params>
          <reporter-output>
          </reporter-output>
        </test-method> <!-- verifySearchBox -->
        <test-method is-config="true" signature="tearDown()[pri:0, instance:com.amazon.Tests.HomePageTest@49070868]" started-at="2022-09-01T22:49:36Z" name="tearDown" finished-at="2022-09-01T22:49:38Z" duration-ms="1388" status="PASS">
          <reporter-output>
          </reporter-output>
        </test-method> <!-- tearDown -->
        <test-method is-config="true" signature="setUp()[pri:0, instance:com.amazon.Tests.HomePageTest@49070868]" started-at="2022-09-01T22:49:38Z" name="setUp" finished-at="2022-09-01T22:49:42Z" duration-ms="4434" status="PASS">
          <reporter-output>
          </reporter-output>
        </test-method> <!-- setUp -->
        <test-method signature="verifySearchBox(java.lang.String, java.lang.String)[pri:2, instance:com.amazon.Tests.HomePageTest@49070868]" started-at="2022-09-01T22:49:42Z" name="verifySearchBox" finished-at="2022-09-01T22:50:21Z" duration-ms="39007" status="FAIL">
          <params>
            <param index="0">
              <value>
                <![CDATA[ntatthakur@gmail.com]]>
              </value>
            </param>
            <param index="1">
              <value>
                <![CDATA[79aAA79@@]]>
              </value>
            </param>
          </params>
          <exception class="org.openqa.selenium.NoSuchElementException">
            <message>
              <![CDATA[no such element: Unable to locate element: {"method":"xpath","selector":"//input[@id='add-to-cart-button']"}
  (Session info: chrome=105.0.5195.52)
For documentation on this error, please visit: http://seleniumhq.org/exceptions/no_such_element.html
Build info: version: '3.14.0', revision: 'aacccce0', time: '2018-08-02T20:19:58.91Z'
System info: host: 'P63653', ip: '2400:4051:240:9500:4d6f:4dd5:735:59a%en0', os.name: 'Mac OS X', os.arch: 'x86_64', os.version: '10.16', java.version: '15.0.1'
Driver info: org.openqa.selenium.chrome.ChromeDriver
Capabilities {acceptInsecureCerts: false, browserName: chrome, browserVersion: 105.0.5195.52, chrome: {chromedriverVersion: 105.0.5195.52 (412c95e51883..., userDataDir: /var/folders/5n/dg2hg5s131z...}, goog:chromeOptions: {debuggerAddress: localhost:53906}, javascriptEnabled: true, networkConnectionEnabled: false, pageLoadStrategy: normal, platform: MAC, platformName: MAC, proxy: Proxy(), setWindowRect: true, strictFileInteractability: false, timeouts: {implicit: 0, pageLoad: 300000, script: 30000}, unhandledPromptBehavior: dismiss and notify, webauthn:extension:credBlob: true, webauthn:extension:largeBlob: true, webauthn:virtualAuthenticators: true}
Session ID: bfb5581b1bfebbc68cb4024b714d2acc
*** Element info: {Using=xpath, value=//input[@id='add-to-cart-button']}]]>
            </message>
            <full-stacktrace>
              <![CDATA[org.openqa.selenium.NoSuchElementException: no such element: Unable to locate element: {"method":"xpath","selector":"//input[@id='add-to-cart-button']"}
  (Session info: chrome=105.0.5195.52)
For documentation on this error, please visit: http://seleniumhq.org/exceptions/no_such_element.html
Build info: version: '3.14.0', revision: 'aacccce0', time: '2018-08-02T20:19:58.91Z'
System info: host: 'P63653', ip: '2400:4051:240:9500:4d6f:4dd5:735:59a%en0', os.name: 'Mac OS X', os.arch: 'x86_64', os.version: '10.16', java.version: '15.0.1'
Driver info: org.openqa.selenium.chrome.ChromeDriver
Capabilities {acceptInsecureCerts: false, browserName: chrome, browserVersion: 105.0.5195.52, chrome: {chromedriverVersion: 105.0.5195.52 (412c95e51883..., userDataDir: /var/folders/5n/dg2hg5s131z...}, goog:chromeOptions: {debuggerAddress: localhost:53906}, javascriptEnabled: true, networkConnectionEnabled: false, pageLoadStrategy: normal, platform: MAC, platformName: MAC, proxy: Proxy(), setWindowRect: true, strictFileInteractability: false, timeouts: {implicit: 0, pageLoad: 300000, script: 30000}, unhandledPromptBehavior: dismiss and notify, webauthn:extension:credBlob: true, webauthn:extension:largeBlob: true, webauthn:virtualAuthenticators: true}
Session ID: bfb5581b1bfebbc68cb4024b714d2acc
*** Element info: {Using=xpath, value=//input[@id='add-to-cart-button']}
	at java.base/jdk.internal.reflect.NativeConstructorAccessorImpl.newInstance0(Native Method)
	at java.base/jdk.internal.reflect.NativeConstructorAccessorImpl.newInstance(NativeConstructorAccessorImpl.java:64)
	at java.base/jdk.internal.reflect.DelegatingConstructorAccessorImpl.newInstance(DelegatingConstructorAccessorImpl.java:45)
	at java.base/java.lang.reflect.Constructor.newInstanceWithCaller(Constructor.java:500)
	at java.base/java.lang.reflect.Constructor.newInstance(Constructor.java:481)
	at org.openqa.selenium.remote.http.W3CHttpResponseCodec.createException(W3CHttpResponseCodec.java:187)
	at org.openqa.selenium.remote.http.W3CHttpResponseCodec.decode(W3CHttpResponseCodec.java:122)
	at org.openqa.selenium.remote.http.W3CHttpResponseCodec.decode(W3CHttpResponseCodec.java:49)
	at org.openqa.selenium.remote.HttpCommandExecutor.execute(HttpCommandExecutor.java:158)
	at org.openqa.selenium.remote.service.DriverCommandExecutor.execute(DriverCommandExecutor.java:83)
	at org.openqa.selenium.remote.RemoteWebDriver.execute(RemoteWebDriver.java:548)
	at org.openqa.selenium.remote.RemoteWebDriver.findElement(RemoteWebDriver.java:322)
	at org.openqa.selenium.remote.RemoteWebDriver.findElementByXPath(RemoteWebDriver.java:424)
	at org.openqa.selenium.By$ByXPath.findElement(By.java:353)
	at org.openqa.selenium.remote.RemoteWebDriver.findElement(RemoteWebDriver.java:314)
	at org.openqa.selenium.support.pagefactory.DefaultElementLocator.findElement(DefaultElementLocator.java:69)
	at org.openqa.selenium.support.pagefactory.internal.LocatingElementHandler.invoke(LocatingElementHandler.java:38)
	at com.sun.proxy.$Proxy10.isDisplayed(Unknown Source)
	at com.amazon.Pages.CartPage.isAddToCartBtnDisplayed(CartPage.java:25)
	at com.amazon.Tests.HomePageTest.verifySearchBox(HomePageTest.java:51)
	at java.base/jdk.internal.reflect.NativeMethodAccessorImpl.invoke0(Native Method)
	at java.base/jdk.internal.reflect.NativeMethodAccessorImpl.invoke(NativeMethodAccessorImpl.java:64)
	at java.base/jdk.internal.reflect.DelegatingMethodAccessorImpl.invoke(DelegatingMethodAccessorImpl.java:43)
	at java.base/java.lang.reflect.Method.invoke(Method.java:564)
	at org.testng.internal.MethodInvocationHelper.invokeMethod(MethodInvocationHelper.java:108)
	at org.testng.internal.Invoker.invokeMethod(Invoker.java:661)
	at org.testng.internal.Invoker.invokeTestMethod(Invoker.java:869)
	at org.testng.internal.Invoker.invokeTestMethods(Invoker.java:1193)
	at org.testng.internal.TestMethodWorker.invokeTestMethods(TestMethodWorker.java:126)
	at org.testng.internal.TestMethodWorker.run(TestMethodWorker.java:109)
	at org.testng.TestRunner.privateRun(TestRunner.java:744)
	at org.testng.TestRunner.run(TestRunner.java:602)
	at org.testng.SuiteRunner.runTest(SuiteRunner.java:380)
	at org.testng.SuiteRunner.runSequentially(SuiteRunner.java:375)
	at org.testng.SuiteRunner.privateRun(SuiteRunner.java:340)
	at org.testng.SuiteRunner.run(SuiteRunner.java:289)
	at org.testng.SuiteRunnerWorker.runSuite(SuiteRunnerWorker.java:52)
	at org.testng.SuiteRunnerWorker.run(SuiteRunnerWorker.java:86)
	at org.testng.TestNG.runSuitesSequentially(TestNG.java:1301)
	at org.testng.TestNG.runSuitesLocally(TestNG.java:1226)
	at org.testng.TestNG.runSuites(TestNG.java:1144)
	at org.testng.TestNG.run(TestNG.java:1115)
	at org.apache.maven.surefire.testng.TestNGExecutor.run(TestNGExecutor.java:284)
	at org.apache.maven.surefire.testng.TestNGXmlTestSuite.execute(TestNGXmlTestSuite.java:75)
	at org.apache.maven.surefire.testng.TestNGProvider.invoke(TestNGProvider.java:119)
	at org.apache.maven.surefire.booter.ForkedBooter.runSuitesInProcess(ForkedBooter.java:428)
	at org.apache.maven.surefire.booter.ForkedBooter.execute(ForkedBooter.java:162)
	at org.apache.maven.surefire.booter.ForkedBooter.run(ForkedBooter.java:562)
	at org.apache.maven.surefire.booter.ForkedBooter.main(ForkedBooter.java:548)
]]>
            </full-stacktrace>
          </exception> <!-- org.openqa.selenium.NoSuchElementException -->
          <reporter-output>
          </reporter-output>
        </test-method> <!-- verifySearchBox -->
        <test-method is-config="true" signature="tearDown()[pri:0, instance:com.amazon.Tests.HomePageTest@49070868]" started-at="2022-09-01T22:50:21Z" name="tearDown" finished-at="2022-09-01T22:50:23Z" duration-ms="1487" status="PASS">
          <reporter-output>
          </reporter-output>
        </test-method> <!-- tearDown -->
        <test-method is-config="true" signature="setUp()[pri:0, instance:com.amazon.Tests.HomePageTest@49070868]" started-at="2022-09-01T22:50:23Z" name="setUp" finished-at="2022-09-01T22:50:28Z" duration-ms="5732" status="PASS">
          <reporter-output>
          </reporter-output>
        </test-method> <!-- setUp -->
        <test-method signature="verifySearchBox(java.lang.String, java.lang.String)[pri:2, instance:com.amazon.Tests.HomePageTest@49070868]" started-at="2022-09-01T22:50:28Z" name="verifySearchBox" finished-at="2022-09-01T22:50:47Z" duration-ms="18962" status="PASS">
          <params>
            <param index="0">
              <value>
                <![CDATA[ntatthakur@gmail.com]]>
              </value>
            </param>
            <param index="1">
              <value>
                <![CDATA[79aAA79@@]]>
              </value>
            </param>
          </params>
          <reporter-output>
          </reporter-output>
        </test-method> <!-- verifySearchBox -->
        <test-method is-config="true" signature="tearDown()[pri:0, instance:com.amazon.Tests.HomePageTest@49070868]" started-at="2022-09-01T22:50:47Z" name="tearDown" finished-at="2022-09-01T22:50:49Z" duration-ms="1434" status="PASS">
          <reporter-output>
          </reporter-output>
        </test-method> <!-- tearDown -->
        <test-method is-config="true" signature="setUp()[pri:0, instance:com.amazon.Tests.HomePageTest@49070868]" started-at="2022-09-01T22:50:49Z" name="setUp" finished-at="2022-09-01T22:50:54Z" duration-ms="4797" status="PASS">
          <reporter-output>
          </reporter-output>
        </test-method> <!-- setUp -->
        <test-method signature="verifySearchBox(java.lang.String, java.lang.String)[pri:2, instance:com.amazon.Tests.HomePageTest@49070868]" started-at="2022-09-01T22:50:54Z" name="verifySearchBox" finished-at="2022-09-01T22:51:10Z" duration-ms="16648" status="PASS">
          <params>
            <param index="0">
              <value>
                <![CDATA[ntatthakur@gmail.com]]>
              </value>
            </param>
            <param index="1">
              <value>
                <![CDATA[79aAA79@@]]>
              </value>
            </param>
          </params>
          <reporter-output>
          </reporter-output>
        </test-method> <!-- verifySearchBox -->
        <test-method is-config="true" signature="tearDown()[pri:0, instance:com.amazon.Tests.HomePageTest@49070868]" started-at="2022-09-01T22:51:10Z" name="tearDown" finished-at="2022-09-01T22:51:12Z" duration-ms="1436" status="PASS">
          <reporter-output>
          </reporter-output>
        </test-method> <!-- tearDown -->
        <test-method is-config="true" signature="setUp()[pri:0, instance:com.amazon.Tests.HomePageTest@49070868]" started-at="2022-09-01T22:51:12Z" name="setUp" finished-at="2022-09-01T22:51:17Z" duration-ms="4886" status="PASS">
          <reporter-output>
          </reporter-output>
        </test-method> <!-- setUp -->
        <test-method signature="verifySearchBox(java.lang.String, java.lang.String)[pri:2, instance:com.amazon.Tests.HomePageTest@49070868]" started-at="2022-09-01T22:51:17Z" name="verifySearchBox" finished-at="2022-09-01T22:51:32Z" duration-ms="15858" status="PASS">
          <params>
            <param index="0">
              <value>
                <![CDATA[ntatthakur@gmail.com]]>
              </value>
            </param>
            <param index="1">
              <value>
                <![CDATA[79aAA79@@]]>
              </value>
            </param>
          </params>
          <reporter-output>
          </reporter-output>
        </test-method> <!-- verifySearchBox -->
        <test-method is-config="true" signature="tearDown()[pri:0, instance:com.amazon.Tests.HomePageTest@49070868]" started-at="2022-09-01T22:51:32Z" name="tearDown" finished-at="2022-09-01T22:51:34Z" duration-ms="1431" status="PASS">
          <reporter-output>
          </reporter-output>
        </test-method> <!-- tearDown -->
        <test-method is-config="true" signature="setUp()[pri:0, instance:com.amazon.Tests.HomePageTest@49070868]" started-at="2022-09-01T22:51:34Z" name="setUp" finished-at="2022-09-01T22:51:38Z" duration-ms="4312" status="PASS">
          <reporter-output>
          </reporter-output>
        </test-method> <!-- setUp -->
        <test-method signature="verifySearchBox(java.lang.String, java.lang.String)[pri:2, instance:com.amazon.Tests.HomePageTest@49070868]" started-at="2022-09-01T22:51:38Z" name="verifySearchBox" finished-at="2022-09-01T22:51:58Z" duration-ms="20296" status="PASS">
          <params>
            <param index="0">
              <value>
                <![CDATA[ntatthakur@gmail.com]]>
              </value>
            </param>
            <param index="1">
              <value>
                <![CDATA[79aAA79@@]]>
              </value>
            </param>
          </params>
          <reporter-output>
          </reporter-output>
        </test-method> <!-- verifySearchBox -->
        <test-method is-config="true" signature="tearDown()[pri:0, instance:com.amazon.Tests.HomePageTest@49070868]" started-at="2022-09-01T22:51:58Z" name="tearDown" finished-at="2022-09-01T22:52:00Z" duration-ms="1439" status="PASS">
          <reporter-output>
          </reporter-output>
        </test-method> <!-- tearDown -->
        <test-method is-config="true" signature="setUp()[pri:0, instance:com.amazon.Tests.HomePageTest@49070868]" started-at="2022-09-01T22:52:00Z" name="setUp" finished-at="2022-09-01T22:52:04Z" duration-ms="4302" status="PASS">
          <reporter-output>
          </reporter-output>
        </test-method> <!-- setUp -->
        <test-method signature="verifySearchBox(java.lang.String, java.lang.String)[pri:2, instance:com.amazon.Tests.HomePageTest@49070868]" started-at="2022-09-01T22:52:04Z" name="verifySearchBox" finished-at="2022-09-01T22:52:22Z" duration-ms="18111" status="PASS">
          <params>
            <param index="0">
              <value>
                <![CDATA[ntatthakur@gmail.com]]>
              </value>
            </param>
            <param index="1">
              <value>
                <![CDATA[79aAA79@@]]>
              </value>
            </param>
          </params>
          <reporter-output>
          </reporter-output>
        </test-method> <!-- verifySearchBox -->
        <test-method is-config="true" signature="tearDown()[pri:0, instance:com.amazon.Tests.HomePageTest@49070868]" started-at="2022-09-01T22:52:22Z" name="tearDown" finished-at="2022-09-01T22:52:24Z" duration-ms="1438" status="PASS">
          <reporter-output>
          </reporter-output>
        </test-method> <!-- tearDown -->
        <test-method is-config="true" signature="setUp()[pri:0, instance:com.amazon.Tests.HomePageTest@49070868]" started-at="2022-09-01T22:52:24Z" name="setUp" finished-at="2022-09-01T22:52:28Z" duration-ms="4268" status="PASS">
          <reporter-output>
          </reporter-output>
        </test-method> <!-- setUp -->
        <test-method signature="verifySearchBox(java.lang.String, java.lang.String)[pri:2, instance:com.amazon.Tests.HomePageTest@49070868]" started-at="2022-09-01T22:52:28Z" name="verifySearchBox" finished-at="2022-09-01T22:52:45Z" duration-ms="16756" status="PASS">
          <params>
            <param index="0">
              <value>
                <![CDATA[ntatthakur@gmail.com]]>
              </value>
            </param>
            <param index="1">
              <value>
                <![CDATA[79aAA79@@]]>
              </value>
            </param>
          </params>
          <reporter-output>
          </reporter-output>
        </test-method> <!-- verifySearchBox -->
        <test-method is-config="true" signature="tearDown()[pri:0, instance:com.amazon.Tests.HomePageTest@49070868]" started-at="2022-09-01T22:52:45Z" name="tearDown" finished-at="2022-09-01T22:52:46Z" duration-ms="1438" status="PASS">
          <reporter-output>
          </reporter-output>
        </test-method> <!-- tearDown -->
        <test-method is-config="true" signature="setUp()[pri:0, instance:com.amazon.Tests.HomePageTest@49070868]" started-at="2022-09-01T22:52:46Z" name="setUp" finished-at="2022-09-01T22:52:51Z" duration-ms="5103" status="PASS">
          <reporter-output>
          </reporter-output>
        </test-method> <!-- setUp -->
        <test-method signature="verifySearchBox(java.lang.String, java.lang.String)[pri:2, instance:com.amazon.Tests.HomePageTest@49070868]" started-at="2022-09-01T22:52:51Z" name="verifySearchBox" finished-at="2022-09-01T22:53:06Z" duration-ms="15002" status="PASS">
          <params>
            <param index="0">
              <value>
                <![CDATA[ntatthakur@gmail.com]]>
              </value>
            </param>
            <param index="1">
              <value>
                <![CDATA[79aAA79@@]]>
              </value>
            </param>
          </params>
          <reporter-output>
          </reporter-output>
        </test-method> <!-- verifySearchBox -->
        <test-method is-config="true" signature="tearDown()[pri:0, instance:com.amazon.Tests.HomePageTest@49070868]" started-at="2022-09-01T22:53:06Z" name="tearDown" finished-at="2022-09-01T22:53:08Z" duration-ms="1431" status="PASS">
          <reporter-output>
          </reporter-output>
        </test-method> <!-- tearDown -->
        <test-method is-config="true" signature="setUp()[pri:0, instance:com.amazon.Tests.HomePageTest@49070868]" started-at="2022-09-01T22:53:08Z" name="setUp" finished-at="2022-09-01T22:53:12Z" duration-ms="4082" status="PASS">
          <reporter-output>
          </reporter-output>
        </test-method> <!-- setUp -->
        <test-method signature="verifySearchBox(java.lang.String, java.lang.String)[pri:2, instance:com.amazon.Tests.HomePageTest@49070868]" started-at="2022-09-01T22:53:12Z" name="verifySearchBox" finished-at="2022-09-01T22:53:24Z" duration-ms="11719" status="FAIL">
          <params>
            <param index="0">
              <value>
                <![CDATA[ntatthakur@gmail.com]]>
              </value>
            </param>
            <param index="1">
              <value>
                <![CDATA[79aAA79@@]]>
              </value>
            </param>
          </params>
          <exception class="org.openqa.selenium.TimeoutException">
            <message>
              <![CDATA[timeout: Timed out receiving message from renderer: 10.000
  (Session info: chrome=105.0.5195.52)
Build info: version: '3.14.0', revision: 'aacccce0', time: '2018-08-02T20:19:58.91Z'
System info: host: 'P63653', ip: '2400:4051:240:9500:4d6f:4dd5:735:59a%en0', os.name: 'Mac OS X', os.arch: 'x86_64', os.version: '10.16', java.version: '15.0.1'
Driver info: org.openqa.selenium.chrome.ChromeDriver
Capabilities {acceptInsecureCerts: false, browserName: chrome, browserVersion: 105.0.5195.52, chrome: {chromedriverVersion: 105.0.5195.52 (412c95e51883..., userDataDir: /var/folders/5n/dg2hg5s131z...}, goog:chromeOptions: {debuggerAddress: localhost:54796}, javascriptEnabled: true, networkConnectionEnabled: false, pageLoadStrategy: normal, platform: MAC, platformName: MAC, proxy: Proxy(), setWindowRect: true, strictFileInteractability: false, timeouts: {implicit: 0, pageLoad: 300000, script: 30000}, unhandledPromptBehavior: dismiss and notify, webauthn:extension:credBlob: true, webauthn:extension:largeBlob: true, webauthn:virtualAuthenticators: true}
Session ID: 5c9dfb2ae3f4cd48f17a9439fe15372d]]>
            </message>
            <full-stacktrace>
              <![CDATA[org.openqa.selenium.TimeoutException: timeout: Timed out receiving message from renderer: 10.000
  (Session info: chrome=105.0.5195.52)
Build info: version: '3.14.0', revision: 'aacccce0', time: '2018-08-02T20:19:58.91Z'
System info: host: 'P63653', ip: '2400:4051:240:9500:4d6f:4dd5:735:59a%en0', os.name: 'Mac OS X', os.arch: 'x86_64', os.version: '10.16', java.version: '15.0.1'
Driver info: org.openqa.selenium.chrome.ChromeDriver
Capabilities {acceptInsecureCerts: false, browserName: chrome, browserVersion: 105.0.5195.52, chrome: {chromedriverVersion: 105.0.5195.52 (412c95e51883..., userDataDir: /var/folders/5n/dg2hg5s131z...}, goog:chromeOptions: {debuggerAddress: localhost:54796}, javascriptEnabled: true, networkConnectionEnabled: false, pageLoadStrategy: normal, platform: MAC, platformName: MAC, proxy: Proxy(), setWindowRect: true, strictFileInteractability: false, timeouts: {implicit: 0, pageLoad: 300000, script: 30000}, unhandledPromptBehavior: dismiss and notify, webauthn:extension:credBlob: true, webauthn:extension:largeBlob: true, webauthn:virtualAuthenticators: true}
Session ID: 5c9dfb2ae3f4cd48f17a9439fe15372d
	at java.base/jdk.internal.reflect.NativeConstructorAccessorImpl.newInstance0(Native Method)
	at java.base/jdk.internal.reflect.NativeConstructorAccessorImpl.newInstance(NativeConstructorAccessorImpl.java:64)
	at java.base/jdk.internal.reflect.DelegatingConstructorAccessorImpl.newInstance(DelegatingConstructorAccessorImpl.java:45)
	at java.base/java.lang.reflect.Constructor.newInstanceWithCaller(Constructor.java:500)
	at java.base/java.lang.reflect.Constructor.newInstance(Constructor.java:481)
	at org.openqa.selenium.remote.http.W3CHttpResponseCodec.createException(W3CHttpResponseCodec.java:187)
	at org.openqa.selenium.remote.http.W3CHttpResponseCodec.decode(W3CHttpResponseCodec.java:122)
	at org.openqa.selenium.remote.http.W3CHttpResponseCodec.decode(W3CHttpResponseCodec.java:49)
	at org.openqa.selenium.remote.HttpCommandExecutor.execute(HttpCommandExecutor.java:158)
	at org.openqa.selenium.remote.service.DriverCommandExecutor.execute(DriverCommandExecutor.java:83)
	at org.openqa.selenium.remote.RemoteWebDriver.execute(RemoteWebDriver.java:548)
	at org.openqa.selenium.remote.RemoteWebElement.execute(RemoteWebElement.java:276)
	at org.openqa.selenium.remote.RemoteWebElement.click(RemoteWebElement.java:83)
	at jdk.internal.reflect.GeneratedMethodAccessor1.invoke(Unknown Source)
	at java.base/jdk.internal.reflect.DelegatingMethodAccessorImpl.invoke(DelegatingMethodAccessorImpl.java:43)
	at java.base/java.lang.reflect.Method.invoke(Method.java:564)
	at org.openqa.selenium.support.pagefactory.internal.LocatingElementHandler.invoke(LocatingElementHandler.java:51)
	at com.sun.proxy.$Proxy10.click(Unknown Source)
	at com.amazon.Pages.HomePage.searchItem(HomePage.java:37)
	at com.amazon.Tests.HomePageTest.verifySearchBox(HomePageTest.java:49)
	at java.base/jdk.internal.reflect.NativeMethodAccessorImpl.invoke0(Native Method)
	at java.base/jdk.internal.reflect.NativeMethodAccessorImpl.invoke(NativeMethodAccessorImpl.java:64)
	at java.base/jdk.internal.reflect.DelegatingMethodAccessorImpl.invoke(DelegatingMethodAccessorImpl.java:43)
	at java.base/java.lang.reflect.Method.invoke(Method.java:564)
	at org.testng.internal.MethodInvocationHelper.invokeMethod(MethodInvocationHelper.java:108)
	at org.testng.internal.Invoker.invokeMethod(Invoker.java:661)
	at org.testng.internal.Invoker.invokeTestMethod(Invoker.java:869)
	at org.testng.internal.Invoker.invokeTestMethods(Invoker.java:1193)
	at org.testng.internal.TestMethodWorker.invokeTestMethods(TestMethodWorker.java:126)
	at org.testng.internal.TestMethodWorker.run(TestMethodWorker.java:109)
	at org.testng.TestRunner.privateRun(TestRunner.java:744)
	at org.testng.TestRunner.run(TestRunner.java:602)
	at org.testng.SuiteRunner.runTest(SuiteRunner.java:380)
	at org.testng.SuiteRunner.runSequentially(SuiteRunner.java:375)
	at org.testng.SuiteRunner.privateRun(SuiteRunner.java:340)
	at org.testng.SuiteRunner.run(SuiteRunner.java:289)
	at org.testng.SuiteRunnerWorker.runSuite(SuiteRunnerWorker.java:52)
	at org.testng.SuiteRunnerWorker.run(SuiteRunnerWorker.java:86)
	at org.testng.TestNG.runSuitesSequentially(TestNG.java:1301)
	at org.testng.TestNG.runSuitesLocally(TestNG.java:1226)
	at org.testng.TestNG.runSuites(TestNG.java:1144)
	at org.testng.TestNG.run(TestNG.java:1115)
	at org.apache.maven.surefire.testng.TestNGExecutor.run(TestNGExecutor.java:284)
	at org.apache.maven.surefire.testng.TestNGXmlTestSuite.execute(TestNGXmlTestSuite.java:75)
	at org.apache.maven.surefire.testng.TestNGProvider.invoke(TestNGProvider.java:119)
	at org.apache.maven.surefire.booter.ForkedBooter.runSuitesInProcess(ForkedBooter.java:428)
	at org.apache.maven.surefire.booter.ForkedBooter.execute(ForkedBooter.java:162)
	at org.apache.maven.surefire.booter.ForkedBooter.run(ForkedBooter.java:562)
	at org.apache.maven.surefire.booter.ForkedBooter.main(ForkedBooter.java:548)
]]>
            </full-stacktrace>
          </exception> <!-- org.openqa.selenium.TimeoutException -->
          <reporter-output>
          </reporter-output>
        </test-method> <!-- verifySearchBox -->
        <test-method is-config="true" signature="tearDown()[pri:0, instance:com.amazon.Tests.HomePageTest@49070868]" started-at="2022-09-01T22:53:24Z" name="tearDown" finished-at="2022-09-01T22:53:25Z" duration-ms="1303" status="PASS">
          <reporter-output>
          </reporter-output>
        </test-method> <!-- tearDown -->
        <test-method is-config="true" signature="setUp()[pri:0, instance:com.amazon.Tests.HomePageTest@49070868]" started-at="2022-09-01T22:53:25Z" name="setUp" finished-at="2022-09-01T22:53:31Z" duration-ms="6129" status="PASS">
          <reporter-output>
          </reporter-output>
        </test-method> <!-- setUp -->
        <test-method signature="verifySearchBox(java.lang.String, java.lang.String)[pri:2, instance:com.amazon.Tests.HomePageTest@49070868]" started-at="2022-09-01T22:53:31Z" name="verifySearchBox" finished-at="2022-09-01T22:53:53Z" duration-ms="21609" status="PASS">
          <params>
            <param index="0">
              <value>
                <![CDATA[ntatthakur@gmail.com]]>
              </value>
            </param>
            <param index="1">
              <value>
                <![CDATA[79aAA79@@]]>
              </value>
            </param>
          </params>
          <reporter-output>
          </reporter-output>
        </test-method> <!-- verifySearchBox -->
        <test-method is-config="true" signature="tearDown()[pri:0, instance:com.amazon.Tests.HomePageTest@49070868]" started-at="2022-09-01T22:53:53Z" name="tearDown" finished-at="2022-09-01T22:53:54Z" duration-ms="1429" status="PASS">
          <reporter-output>
          </reporter-output>
        </test-method> <!-- tearDown -->
        <test-method is-config="true" signature="setUp()[pri:0, instance:com.amazon.Tests.HomePageTest@49070868]" started-at="2022-09-01T22:53:54Z" name="setUp" finished-at="2022-09-01T22:53:59Z" duration-ms="4795" status="PASS">
          <reporter-output>
          </reporter-output>
        </test-method> <!-- setUp -->
        <test-method signature="verifySearchBox(java.lang.String, java.lang.String)[pri:2, instance:com.amazon.Tests.HomePageTest@49070868]" started-at="2022-09-01T22:53:59Z" name="verifySearchBox" finished-at="2022-09-01T22:54:13Z" duration-ms="14195" status="PASS">
          <params>
            <param index="0">
              <value>
                <![CDATA[ntatthakur@gmail.com]]>
              </value>
            </param>
            <param index="1">
              <value>
                <![CDATA[79aAA79@@]]>
              </value>
            </param>
          </params>
          <reporter-output>
          </reporter-output>
        </test-method> <!-- verifySearchBox -->
        <test-method is-config="true" signature="tearDown()[pri:0, instance:com.amazon.Tests.HomePageTest@49070868]" started-at="2022-09-01T22:54:13Z" name="tearDown" finished-at="2022-09-01T22:54:14Z" duration-ms="1472" status="PASS">
          <reporter-output>
          </reporter-output>
        </test-method> <!-- tearDown -->
        <test-method is-config="true" signature="setUp()[pri:0, instance:com.amazon.Tests.HomePageTest@49070868]" started-at="2022-09-01T22:54:14Z" name="setUp" finished-at="2022-09-01T22:54:19Z" duration-ms="4622" status="PASS">
          <reporter-output>
          </reporter-output>
        </test-method> <!-- setUp -->
        <test-method signature="verifySearchBox(java.lang.String, java.lang.String)[pri:2, instance:com.amazon.Tests.HomePageTest@49070868]" started-at="2022-09-01T22:54:19Z" name="verifySearchBox" finished-at="2022-09-01T22:54:41Z" duration-ms="22070" status="PASS">
          <params>
            <param index="0">
              <value>
                <![CDATA[ntatthakur@gmail.com]]>
              </value>
            </param>
            <param index="1">
              <value>
                <![CDATA[79aAA79@@]]>
              </value>
            </param>
          </params>
          <reporter-output>
          </reporter-output>
        </test-method> <!-- verifySearchBox -->
        <test-method is-config="true" signature="tearDown()[pri:0, instance:com.amazon.Tests.HomePageTest@49070868]" started-at="2022-09-01T22:54:41Z" name="tearDown" finished-at="2022-09-01T22:54:43Z" duration-ms="1427" status="PASS">
          <reporter-output>
          </reporter-output>
        </test-method> <!-- tearDown -->
        <test-method is-config="true" signature="setUp()[pri:0, instance:com.amazon.Tests.HomePageTest@49070868]" started-at="2022-09-01T22:54:43Z" name="setUp" finished-at="2022-09-01T22:54:47Z" duration-ms="4152" status="PASS">
          <reporter-output>
          </reporter-output>
        </test-method> <!-- setUp -->
        <test-method signature="verifySearchBox(java.lang.String, java.lang.String)[pri:2, instance:com.amazon.Tests.HomePageTest@49070868]" started-at="2022-09-01T22:54:47Z" name="verifySearchBox" finished-at="2022-09-01T22:55:03Z" duration-ms="16641" status="PASS">
          <params>
            <param index="0">
              <value>
                <![CDATA[ntatthakur@gmail.com]]>
              </value>
            </param>
            <param index="1">
              <value>
                <![CDATA[79aAA79@@]]>
              </value>
            </param>
          </params>
          <reporter-output>
          </reporter-output>
        </test-method> <!-- verifySearchBox -->
        <test-method is-config="true" signature="tearDown()[pri:0, instance:com.amazon.Tests.HomePageTest@49070868]" started-at="2022-09-01T22:55:03Z" name="tearDown" finished-at="2022-09-01T22:55:05Z" duration-ms="1422" status="PASS">
          <reporter-output>
          </reporter-output>
        </test-method> <!-- tearDown -->
        <test-method is-config="true" signature="setUp()[pri:0, instance:com.amazon.Tests.HomePageTest@49070868]" started-at="2022-09-01T22:55:05Z" name="setUp" finished-at="2022-09-01T22:55:10Z" duration-ms="4784" status="PASS">
          <reporter-output>
          </reporter-output>
        </test-method> <!-- setUp -->
        <test-method signature="verifySearchBox(java.lang.String, java.lang.String)[pri:2, instance:com.amazon.Tests.HomePageTest@49070868]" started-at="2022-09-01T22:55:10Z" name="verifySearchBox" finished-at="2022-09-01T22:55:47Z" duration-ms="37809" status="FAIL">
          <params>
            <param index="0">
              <value>
                <![CDATA[ntatthakur@gmail.com]]>
              </value>
            </param>
            <param index="1">
              <value>
                <![CDATA[79aAA79@@]]>
              </value>
            </param>
          </params>
          <exception class="org.openqa.selenium.NoSuchElementException">
            <message>
              <![CDATA[no such element: Unable to locate element: {"method":"xpath","selector":"//input[@id='add-to-cart-button']"}
  (Session info: chrome=105.0.5195.52)
For documentation on this error, please visit: http://seleniumhq.org/exceptions/no_such_element.html
Build info: version: '3.14.0', revision: 'aacccce0', time: '2018-08-02T20:19:58.91Z'
System info: host: 'P63653', ip: '2400:4051:240:9500:4d6f:4dd5:735:59a%en0', os.name: 'Mac OS X', os.arch: 'x86_64', os.version: '10.16', java.version: '15.0.1'
Driver info: org.openqa.selenium.chrome.ChromeDriver
Capabilities {acceptInsecureCerts: false, browserName: chrome, browserVersion: 105.0.5195.52, chrome: {chromedriverVersion: 105.0.5195.52 (412c95e51883..., userDataDir: /var/folders/5n/dg2hg5s131z...}, goog:chromeOptions: {debuggerAddress: localhost:55189}, javascriptEnabled: true, networkConnectionEnabled: false, pageLoadStrategy: normal, platform: MAC, platformName: MAC, proxy: Proxy(), setWindowRect: true, strictFileInteractability: false, timeouts: {implicit: 0, pageLoad: 300000, script: 30000}, unhandledPromptBehavior: dismiss and notify, webauthn:extension:credBlob: true, webauthn:extension:largeBlob: true, webauthn:virtualAuthenticators: true}
Session ID: d6e27d0ccb46d7701c85e661673fa0e5
*** Element info: {Using=xpath, value=//input[@id='add-to-cart-button']}]]>
            </message>
            <full-stacktrace>
              <![CDATA[org.openqa.selenium.NoSuchElementException: no such element: Unable to locate element: {"method":"xpath","selector":"//input[@id='add-to-cart-button']"}
  (Session info: chrome=105.0.5195.52)
For documentation on this error, please visit: http://seleniumhq.org/exceptions/no_such_element.html
Build info: version: '3.14.0', revision: 'aacccce0', time: '2018-08-02T20:19:58.91Z'
System info: host: 'P63653', ip: '2400:4051:240:9500:4d6f:4dd5:735:59a%en0', os.name: 'Mac OS X', os.arch: 'x86_64', os.version: '10.16', java.version: '15.0.1'
Driver info: org.openqa.selenium.chrome.ChromeDriver
Capabilities {acceptInsecureCerts: false, browserName: chrome, browserVersion: 105.0.5195.52, chrome: {chromedriverVersion: 105.0.5195.52 (412c95e51883..., userDataDir: /var/folders/5n/dg2hg5s131z...}, goog:chromeOptions: {debuggerAddress: localhost:55189}, javascriptEnabled: true, networkConnectionEnabled: false, pageLoadStrategy: normal, platform: MAC, platformName: MAC, proxy: Proxy(), setWindowRect: true, strictFileInteractability: false, timeouts: {implicit: 0, pageLoad: 300000, script: 30000}, unhandledPromptBehavior: dismiss and notify, webauthn:extension:credBlob: true, webauthn:extension:largeBlob: true, webauthn:virtualAuthenticators: true}
Session ID: d6e27d0ccb46d7701c85e661673fa0e5
*** Element info: {Using=xpath, value=//input[@id='add-to-cart-button']}
	at java.base/jdk.internal.reflect.NativeConstructorAccessorImpl.newInstance0(Native Method)
	at java.base/jdk.internal.reflect.NativeConstructorAccessorImpl.newInstance(NativeConstructorAccessorImpl.java:64)
	at java.base/jdk.internal.reflect.DelegatingConstructorAccessorImpl.newInstance(DelegatingConstructorAccessorImpl.java:45)
	at java.base/java.lang.reflect.Constructor.newInstanceWithCaller(Constructor.java:500)
	at java.base/java.lang.reflect.Constructor.newInstance(Constructor.java:481)
	at org.openqa.selenium.remote.http.W3CHttpResponseCodec.createException(W3CHttpResponseCodec.java:187)
	at org.openqa.selenium.remote.http.W3CHttpResponseCodec.decode(W3CHttpResponseCodec.java:122)
	at org.openqa.selenium.remote.http.W3CHttpResponseCodec.decode(W3CHttpResponseCodec.java:49)
	at org.openqa.selenium.remote.HttpCommandExecutor.execute(HttpCommandExecutor.java:158)
	at org.openqa.selenium.remote.service.DriverCommandExecutor.execute(DriverCommandExecutor.java:83)
	at org.openqa.selenium.remote.RemoteWebDriver.execute(RemoteWebDriver.java:548)
	at org.openqa.selenium.remote.RemoteWebDriver.findElement(RemoteWebDriver.java:322)
	at org.openqa.selenium.remote.RemoteWebDriver.findElementByXPath(RemoteWebDriver.java:424)
	at org.openqa.selenium.By$ByXPath.findElement(By.java:353)
	at org.openqa.selenium.remote.RemoteWebDriver.findElement(RemoteWebDriver.java:314)
	at org.openqa.selenium.support.pagefactory.DefaultElementLocator.findElement(DefaultElementLocator.java:69)
	at org.openqa.selenium.support.pagefactory.internal.LocatingElementHandler.invoke(LocatingElementHandler.java:38)
	at com.sun.proxy.$Proxy10.isDisplayed(Unknown Source)
	at com.amazon.Pages.CartPage.isAddToCartBtnDisplayed(CartPage.java:25)
	at com.amazon.Tests.HomePageTest.verifySearchBox(HomePageTest.java:51)
	at jdk.internal.reflect.GeneratedMethodAccessor5.invoke(Unknown Source)
	at java.base/jdk.internal.reflect.DelegatingMethodAccessorImpl.invoke(DelegatingMethodAccessorImpl.java:43)
	at java.base/java.lang.reflect.Method.invoke(Method.java:564)
	at org.testng.internal.MethodInvocationHelper.invokeMethod(MethodInvocationHelper.java:108)
	at org.testng.internal.Invoker.invokeMethod(Invoker.java:661)
	at org.testng.internal.Invoker.invokeTestMethod(Invoker.java:869)
	at org.testng.internal.Invoker.invokeTestMethods(Invoker.java:1193)
	at org.testng.internal.TestMethodWorker.invokeTestMethods(TestMethodWorker.java:126)
	at org.testng.internal.TestMethodWorker.run(TestMethodWorker.java:109)
	at org.testng.TestRunner.privateRun(TestRunner.java:744)
	at org.testng.TestRunner.run(TestRunner.java:602)
	at org.testng.SuiteRunner.runTest(SuiteRunner.java:380)
	at org.testng.SuiteRunner.runSequentially(SuiteRunner.java:375)
	at org.testng.SuiteRunner.privateRun(SuiteRunner.java:340)
	at org.testng.SuiteRunner.run(SuiteRunner.java:289)
	at org.testng.SuiteRunnerWorker.runSuite(SuiteRunnerWorker.java:52)
	at org.testng.SuiteRunnerWorker.run(SuiteRunnerWorker.java:86)
	at org.testng.TestNG.runSuitesSequentially(TestNG.java:1301)
	at org.testng.TestNG.runSuitesLocally(TestNG.java:1226)
	at org.testng.TestNG.runSuites(TestNG.java:1144)
	at org.testng.TestNG.run(TestNG.java:1115)
	at org.apache.maven.surefire.testng.TestNGExecutor.run(TestNGExecutor.java:284)
	at org.apache.maven.surefire.testng.TestNGXmlTestSuite.execute(TestNGXmlTestSuite.java:75)
	at org.apache.maven.surefire.testng.TestNGProvider.invoke(TestNGProvider.java:119)
	at org.apache.maven.surefire.booter.ForkedBooter.runSuitesInProcess(ForkedBooter.java:428)
	at org.apache.maven.surefire.booter.ForkedBooter.execute(ForkedBooter.java:162)
	at org.apache.maven.surefire.booter.ForkedBooter.run(ForkedBooter.java:562)
	at org.apache.maven.surefire.booter.ForkedBooter.main(ForkedBooter.java:548)
]]>
            </full-stacktrace>
          </exception> <!-- org.openqa.selenium.NoSuchElementException -->
          <reporter-output>
          </reporter-output>
        </test-method> <!-- verifySearchBox -->
        <test-method is-config="true" signature="tearDown()[pri:0, instance:com.amazon.Tests.HomePageTest@49070868]" started-at="2022-09-01T22:55:47Z" name="tearDown" finished-at="2022-09-01T22:55:49Z" duration-ms="1397" status="PASS">
          <reporter-output>
          </reporter-output>
        </test-method> <!-- tearDown -->
        <test-method is-config="true" signature="setUp()[pri:0, instance:com.amazon.Tests.HomePageTest@49070868]" started-at="2022-09-01T22:55:49Z" name="setUp" finished-at="2022-09-01T22:55:54Z" duration-ms="5268" status="PASS">
          <reporter-output>
          </reporter-output>
        </test-method> <!-- setUp -->
        <test-method signature="verifySearchBox(java.lang.String, java.lang.String)[pri:2, instance:com.amazon.Tests.HomePageTest@49070868]" started-at="2022-09-01T22:55:54Z" name="verifySearchBox" finished-at="2022-09-01T22:56:11Z" duration-ms="16920" status="PASS">
          <params>
            <param index="0">
              <value>
                <![CDATA[ntatthakur@gmail.com]]>
              </value>
            </param>
            <param index="1">
              <value>
                <![CDATA[79aAA79@@]]>
              </value>
            </param>
          </params>
          <reporter-output>
          </reporter-output>
        </test-method> <!-- verifySearchBox -->
        <test-method is-config="true" signature="tearDown()[pri:0, instance:com.amazon.Tests.HomePageTest@49070868]" started-at="2022-09-01T22:56:11Z" name="tearDown" finished-at="2022-09-01T22:56:12Z" duration-ms="1419" status="PASS">
          <reporter-output>
          </reporter-output>
        </test-method> <!-- tearDown -->
        <test-method is-config="true" signature="setUp()[pri:0, instance:com.amazon.Tests.HomePageTest@49070868]" started-at="2022-09-01T22:56:12Z" name="setUp" finished-at="2022-09-01T22:56:17Z" duration-ms="4552" status="PASS">
          <reporter-output>
          </reporter-output>
        </test-method> <!-- setUp -->
        <test-method signature="verifySearchBox(java.lang.String, java.lang.String)[pri:2, instance:com.amazon.Tests.HomePageTest@49070868]" started-at="2022-09-01T22:56:17Z" name="verifySearchBox" finished-at="2022-09-01T22:56:32Z" duration-ms="15478" status="PASS">
          <params>
            <param index="0">
              <value>
                <![CDATA[ntatthakur@gmail.com]]>
              </value>
            </param>
            <param index="1">
              <value>
                <![CDATA[79aAA79@@]]>
              </value>
            </param>
          </params>
          <reporter-output>
          </reporter-output>
        </test-method> <!-- verifySearchBox -->
        <test-method is-config="true" signature="tearDown()[pri:0, instance:com.amazon.Tests.HomePageTest@49070868]" started-at="2022-09-01T22:56:32Z" name="tearDown" finished-at="2022-09-01T22:56:34Z" duration-ms="1445" status="PASS">
          <reporter-output>
          </reporter-output>
        </test-method> <!-- tearDown -->
        <test-method is-config="true" signature="setUp()[pri:0, instance:com.amazon.Tests.HomePageTest@49070868]" started-at="2022-09-01T22:56:34Z" name="setUp" finished-at="2022-09-01T22:56:38Z" duration-ms="4379" status="PASS">
          <reporter-output>
          </reporter-output>
        </test-method> <!-- setUp -->
        <test-method signature="verifySearchBox(java.lang.String, java.lang.String)[pri:2, instance:com.amazon.Tests.HomePageTest@49070868]" started-at="2022-09-01T22:56:38Z" name="verifySearchBox" finished-at="2022-09-01T22:57:01Z" duration-ms="22614" status="PASS">
          <params>
            <param index="0">
              <value>
                <![CDATA[ntatthakur@gmail.com]]>
              </value>
            </param>
            <param index="1">
              <value>
                <![CDATA[79aAA79@@]]>
              </value>
            </param>
          </params>
          <reporter-output>
          </reporter-output>
        </test-method> <!-- verifySearchBox -->
        <test-method is-config="true" signature="tearDown()[pri:0, instance:com.amazon.Tests.HomePageTest@49070868]" started-at="2022-09-01T22:57:01Z" name="tearDown" finished-at="2022-09-01T22:57:02Z" duration-ms="1412" status="PASS">
          <reporter-output>
          </reporter-output>
        </test-method> <!-- tearDown -->
        <test-method is-config="true" signature="setUp()[pri:0, instance:com.amazon.Tests.HomePageTest@49070868]" started-at="2022-09-01T22:57:02Z" name="setUp" finished-at="2022-09-01T22:57:07Z" duration-ms="4702" status="PASS">
          <reporter-output>
          </reporter-output>
        </test-method> <!-- setUp -->
        <test-method signature="verifySearchBox(java.lang.String, java.lang.String)[pri:2, instance:com.amazon.Tests.HomePageTest@49070868]" started-at="2022-09-01T22:57:07Z" name="verifySearchBox" finished-at="2022-09-01T22:57:24Z" duration-ms="17253" status="PASS">
          <params>
            <param index="0">
              <value>
                <![CDATA[ntatthakur@gmail.com]]>
              </value>
            </param>
            <param index="1">
              <value>
                <![CDATA[79aAA79@@]]>
              </value>
            </param>
          </params>
          <reporter-output>
          </reporter-output>
        </test-method> <!-- verifySearchBox -->
        <test-method is-config="true" signature="tearDown()[pri:0, instance:com.amazon.Tests.HomePageTest@49070868]" started-at="2022-09-01T22:57:24Z" name="tearDown" finished-at="2022-09-01T22:57:26Z" duration-ms="1436" status="PASS">
          <reporter-output>
          </reporter-output>
        </test-method> <!-- tearDown -->
        <test-method is-config="true" signature="setUp()[pri:0, instance:com.amazon.Tests.HomePageTest@49070868]" started-at="2022-09-01T22:57:26Z" name="setUp" finished-at="2022-09-01T22:57:30Z" duration-ms="4227" status="PASS">
          <reporter-output>
          </reporter-output>
        </test-method> <!-- setUp -->
        <test-method signature="verifySearchBox(java.lang.String, java.lang.String)[pri:2, instance:com.amazon.Tests.HomePageTest@49070868]" started-at="2022-09-01T22:57:30Z" name="verifySearchBox" finished-at="2022-09-01T22:57:49Z" duration-ms="19326" status="PASS">
          <params>
            <param index="0">
              <value>
                <![CDATA[ntatthakur@gmail.com]]>
              </value>
            </param>
            <param index="1">
              <value>
                <![CDATA[79aAA79@@]]>
              </value>
            </param>
          </params>
          <reporter-output>
          </reporter-output>
        </test-method> <!-- verifySearchBox -->
        <test-method is-config="true" signature="tearDown()[pri:0, instance:com.amazon.Tests.HomePageTest@49070868]" started-at="2022-09-01T22:57:49Z" name="tearDown" finished-at="2022-09-01T22:57:51Z" duration-ms="1428" status="PASS">
          <reporter-output>
          </reporter-output>
        </test-method> <!-- tearDown -->
        <test-method is-config="true" signature="setUp()[pri:0, instance:com.amazon.Tests.HomePageTest@49070868]" started-at="2022-09-01T22:57:51Z" name="setUp" finished-at="2022-09-01T22:57:55Z" duration-ms="4019" status="PASS">
          <reporter-output>
          </reporter-output>
        </test-method> <!-- setUp -->
        <test-method signature="verifySearchBox(java.lang.String, java.lang.String)[pri:2, instance:com.amazon.Tests.HomePageTest@49070868]" started-at="2022-09-01T22:57:55Z" name="verifySearchBox" finished-at="2022-09-01T22:58:09Z" duration-ms="13952" status="FAIL">
          <params>
            <param index="0">
              <value>
                <![CDATA[ntatthakur@gmail.com]]>
              </value>
            </param>
            <param index="1">
              <value>
                <![CDATA[79aAA79@@]]>
              </value>
            </param>
          </params>
          <exception class="org.openqa.selenium.TimeoutException">
            <message>
              <![CDATA[timeout: Timed out receiving message from renderer: 10.000
  (Session info: chrome=105.0.5195.52)
Build info: version: '3.14.0', revision: 'aacccce0', time: '2018-08-02T20:19:58.91Z'
System info: host: 'P63653', ip: '2400:4051:240:9500:4d6f:4dd5:735:59a%en0', os.name: 'Mac OS X', os.arch: 'x86_64', os.version: '10.16', java.version: '15.0.1'
Driver info: org.openqa.selenium.chrome.ChromeDriver
Capabilities {acceptInsecureCerts: false, browserName: chrome, browserVersion: 105.0.5195.52, chrome: {chromedriverVersion: 105.0.5195.52 (412c95e51883..., userDataDir: /var/folders/5n/dg2hg5s131z...}, goog:chromeOptions: {debuggerAddress: localhost:55732}, javascriptEnabled: true, networkConnectionEnabled: false, pageLoadStrategy: normal, platform: MAC, platformName: MAC, proxy: Proxy(), setWindowRect: true, strictFileInteractability: false, timeouts: {implicit: 0, pageLoad: 300000, script: 30000}, unhandledPromptBehavior: dismiss and notify, webauthn:extension:credBlob: true, webauthn:extension:largeBlob: true, webauthn:virtualAuthenticators: true}
Session ID: d8daa1ba4646c53c3aa807333f7db92c]]>
            </message>
            <full-stacktrace>
              <![CDATA[org.openqa.selenium.TimeoutException: timeout: Timed out receiving message from renderer: 10.000
  (Session info: chrome=105.0.5195.52)
Build info: version: '3.14.0', revision: 'aacccce0', time: '2018-08-02T20:19:58.91Z'
System info: host: 'P63653', ip: '2400:4051:240:9500:4d6f:4dd5:735:59a%en0', os.name: 'Mac OS X', os.arch: 'x86_64', os.version: '10.16', java.version: '15.0.1'
Driver info: org.openqa.selenium.chrome.ChromeDriver
Capabilities {acceptInsecureCerts: false, browserName: chrome, browserVersion: 105.0.5195.52, chrome: {chromedriverVersion: 105.0.5195.52 (412c95e51883..., userDataDir: /var/folders/5n/dg2hg5s131z...}, goog:chromeOptions: {debuggerAddress: localhost:55732}, javascriptEnabled: true, networkConnectionEnabled: false, pageLoadStrategy: normal, platform: MAC, platformName: MAC, proxy: Proxy(), setWindowRect: true, strictFileInteractability: false, timeouts: {implicit: 0, pageLoad: 300000, script: 30000}, unhandledPromptBehavior: dismiss and notify, webauthn:extension:credBlob: true, webauthn:extension:largeBlob: true, webauthn:virtualAuthenticators: true}
Session ID: d8daa1ba4646c53c3aa807333f7db92c
	at java.base/jdk.internal.reflect.NativeConstructorAccessorImpl.newInstance0(Native Method)
	at java.base/jdk.internal.reflect.NativeConstructorAccessorImpl.newInstance(NativeConstructorAccessorImpl.java:64)
	at java.base/jdk.internal.reflect.DelegatingConstructorAccessorImpl.newInstance(DelegatingConstructorAccessorImpl.java:45)
	at java.base/java.lang.reflect.Constructor.newInstanceWithCaller(Constructor.java:500)
	at java.base/java.lang.reflect.Constructor.newInstance(Constructor.java:481)
	at org.openqa.selenium.remote.http.W3CHttpResponseCodec.createException(W3CHttpResponseCodec.java:187)
	at org.openqa.selenium.remote.http.W3CHttpResponseCodec.decode(W3CHttpResponseCodec.java:122)
	at org.openqa.selenium.remote.http.W3CHttpResponseCodec.decode(W3CHttpResponseCodec.java:49)
	at org.openqa.selenium.remote.HttpCommandExecutor.execute(HttpCommandExecutor.java:158)
	at org.openqa.selenium.remote.service.DriverCommandExecutor.execute(DriverCommandExecutor.java:83)
	at org.openqa.selenium.remote.RemoteWebDriver.execute(RemoteWebDriver.java:548)
	at org.openqa.selenium.remote.RemoteWebElement.execute(RemoteWebElement.java:276)
	at org.openqa.selenium.remote.RemoteWebElement.click(RemoteWebElement.java:83)
	at com.amazon.Pages.SearchResultPage.selectFirstItem(SearchResultPage.java:23)
	at com.amazon.Tests.HomePageTest.verifySearchBox(HomePageTest.java:50)
	at jdk.internal.reflect.GeneratedMethodAccessor5.invoke(Unknown Source)
	at java.base/jdk.internal.reflect.DelegatingMethodAccessorImpl.invoke(DelegatingMethodAccessorImpl.java:43)
	at java.base/java.lang.reflect.Method.invoke(Method.java:564)
	at org.testng.internal.MethodInvocationHelper.invokeMethod(MethodInvocationHelper.java:108)
	at org.testng.internal.Invoker.invokeMethod(Invoker.java:661)
	at org.testng.internal.Invoker.invokeTestMethod(Invoker.java:869)
	at org.testng.internal.Invoker.invokeTestMethods(Invoker.java:1193)
	at org.testng.internal.TestMethodWorker.invokeTestMethods(TestMethodWorker.java:126)
	at org.testng.internal.TestMethodWorker.run(TestMethodWorker.java:109)
	at org.testng.TestRunner.privateRun(TestRunner.java:744)
	at org.testng.TestRunner.run(TestRunner.java:602)
	at org.testng.SuiteRunner.runTest(SuiteRunner.java:380)
	at org.testng.SuiteRunner.runSequentially(SuiteRunner.java:375)
	at org.testng.SuiteRunner.privateRun(SuiteRunner.java:340)
	at org.testng.SuiteRunner.run(SuiteRunner.java:289)
	at org.testng.SuiteRunnerWorker.runSuite(SuiteRunnerWorker.java:52)
	at org.testng.SuiteRunnerWorker.run(SuiteRunnerWorker.java:86)
	at org.testng.TestNG.runSuitesSequentially(TestNG.java:1301)
	at org.testng.TestNG.runSuitesLocally(TestNG.java:1226)
	at org.testng.TestNG.runSuites(TestNG.java:1144)
	at org.testng.TestNG.run(TestNG.java:1115)
	at org.apache.maven.surefire.testng.TestNGExecutor.run(TestNGExecutor.java:284)
	at org.apache.maven.surefire.testng.TestNGXmlTestSuite.execute(TestNGXmlTestSuite.java:75)
	at org.apache.maven.surefire.testng.TestNGProvider.invoke(TestNGProvider.java:119)
	at org.apache.maven.surefire.booter.ForkedBooter.runSuitesInProcess(ForkedBooter.java:428)
	at org.apache.maven.surefire.booter.ForkedBooter.execute(ForkedBooter.java:162)
	at org.apache.maven.surefire.booter.ForkedBooter.run(ForkedBooter.java:562)
	at org.apache.maven.surefire.booter.ForkedBooter.main(ForkedBooter.java:548)
]]>
            </full-stacktrace>
          </exception> <!-- org.openqa.selenium.TimeoutException -->
          <reporter-output>
          </reporter-output>
        </test-method> <!-- verifySearchBox -->
        <test-method is-config="true" signature="tearDown()[pri:0, instance:com.amazon.Tests.HomePageTest@49070868]" started-at="2022-09-01T22:58:09Z" name="tearDown" finished-at="2022-09-01T22:58:10Z" duration-ms="1365" status="PASS">
          <reporter-output>
          </reporter-output>
        </test-method> <!-- tearDown -->
        <test-method is-config="true" signature="setUp()[pri:0, instance:com.amazon.Tests.HomePageTest@49070868]" started-at="2022-09-01T22:58:10Z" name="setUp" finished-at="2022-09-01T22:58:15Z" duration-ms="4771" status="PASS">
          <reporter-output>
          </reporter-output>
        </test-method> <!-- setUp -->
        <test-method signature="verifySearchBox(java.lang.String, java.lang.String)[pri:2, instance:com.amazon.Tests.HomePageTest@49070868]" started-at="2022-09-01T22:58:15Z" name="verifySearchBox" finished-at="2022-09-01T22:58:31Z" duration-ms="16707" status="PASS">
          <params>
            <param index="0">
              <value>
                <![CDATA[ntatthakur@gmail.com]]>
              </value>
            </param>
            <param index="1">
              <value>
                <![CDATA[79aAA79@@]]>
              </value>
            </param>
          </params>
          <reporter-output>
          </reporter-output>
        </test-method> <!-- verifySearchBox -->
        <test-method is-config="true" signature="tearDown()[pri:0, instance:com.amazon.Tests.HomePageTest@49070868]" started-at="2022-09-01T22:58:31Z" name="tearDown" finished-at="2022-09-01T22:58:33Z" duration-ms="1414" status="PASS">
          <reporter-output>
          </reporter-output>
        </test-method> <!-- tearDown -->
        <test-method is-config="true" signature="setUp()[pri:0, instance:com.amazon.Tests.HomePageTest@49070868]" started-at="2022-09-01T22:58:33Z" name="setUp" finished-at="2022-09-01T22:58:37Z" duration-ms="4395" status="PASS">
          <reporter-output>
          </reporter-output>
        </test-method> <!-- setUp -->
        <test-method signature="verifySearchBox(java.lang.String, java.lang.String)[pri:2, instance:com.amazon.Tests.HomePageTest@49070868]" started-at="2022-09-01T22:58:37Z" name="verifySearchBox" finished-at="2022-09-01T22:58:49Z" duration-ms="11382" status="FAIL">
          <params>
            <param index="0">
              <value>
                <![CDATA[ntatthakur@gmail.com]]>
              </value>
            </param>
            <param index="1">
              <value>
                <![CDATA[79aAA79@@]]>
              </value>
            </param>
          </params>
          <exception class="org.openqa.selenium.TimeoutException">
            <message>
              <![CDATA[timeout: Timed out receiving message from renderer: 10.000
  (Session info: chrome=105.0.5195.52)
Build info: version: '3.14.0', revision: 'aacccce0', time: '2018-08-02T20:19:58.91Z'
System info: host: 'P63653', ip: '2400:4051:240:9500:4d6f:4dd5:735:59a%en0', os.name: 'Mac OS X', os.arch: 'x86_64', os.version: '10.16', java.version: '15.0.1'
Driver info: org.openqa.selenium.chrome.ChromeDriver
Capabilities {acceptInsecureCerts: false, browserName: chrome, browserVersion: 105.0.5195.52, chrome: {chromedriverVersion: 105.0.5195.52 (412c95e51883..., userDataDir: /var/folders/5n/dg2hg5s131z...}, goog:chromeOptions: {debuggerAddress: localhost:55871}, javascriptEnabled: true, networkConnectionEnabled: false, pageLoadStrategy: normal, platform: MAC, platformName: MAC, proxy: Proxy(), setWindowRect: true, strictFileInteractability: false, timeouts: {implicit: 0, pageLoad: 300000, script: 30000}, unhandledPromptBehavior: dismiss and notify, webauthn:extension:credBlob: true, webauthn:extension:largeBlob: true, webauthn:virtualAuthenticators: true}
Session ID: c24382a9b9362435f37f4f13f7db3427]]>
            </message>
            <full-stacktrace>
              <![CDATA[org.openqa.selenium.TimeoutException: timeout: Timed out receiving message from renderer: 10.000
  (Session info: chrome=105.0.5195.52)
Build info: version: '3.14.0', revision: 'aacccce0', time: '2018-08-02T20:19:58.91Z'
System info: host: 'P63653', ip: '2400:4051:240:9500:4d6f:4dd5:735:59a%en0', os.name: 'Mac OS X', os.arch: 'x86_64', os.version: '10.16', java.version: '15.0.1'
Driver info: org.openqa.selenium.chrome.ChromeDriver
Capabilities {acceptInsecureCerts: false, browserName: chrome, browserVersion: 105.0.5195.52, chrome: {chromedriverVersion: 105.0.5195.52 (412c95e51883..., userDataDir: /var/folders/5n/dg2hg5s131z...}, goog:chromeOptions: {debuggerAddress: localhost:55871}, javascriptEnabled: true, networkConnectionEnabled: false, pageLoadStrategy: normal, platform: MAC, platformName: MAC, proxy: Proxy(), setWindowRect: true, strictFileInteractability: false, timeouts: {implicit: 0, pageLoad: 300000, script: 30000}, unhandledPromptBehavior: dismiss and notify, webauthn:extension:credBlob: true, webauthn:extension:largeBlob: true, webauthn:virtualAuthenticators: true}
Session ID: c24382a9b9362435f37f4f13f7db3427
	at java.base/jdk.internal.reflect.NativeConstructorAccessorImpl.newInstance0(Native Method)
	at java.base/jdk.internal.reflect.NativeConstructorAccessorImpl.newInstance(NativeConstructorAccessorImpl.java:64)
	at java.base/jdk.internal.reflect.DelegatingConstructorAccessorImpl.newInstance(DelegatingConstructorAccessorImpl.java:45)
	at java.base/java.lang.reflect.Constructor.newInstanceWithCaller(Constructor.java:500)
	at java.base/java.lang.reflect.Constructor.newInstance(Constructor.java:481)
	at org.openqa.selenium.remote.http.W3CHttpResponseCodec.createException(W3CHttpResponseCodec.java:187)
	at org.openqa.selenium.remote.http.W3CHttpResponseCodec.decode(W3CHttpResponseCodec.java:122)
	at org.openqa.selenium.remote.http.W3CHttpResponseCodec.decode(W3CHttpResponseCodec.java:49)
	at org.openqa.selenium.remote.HttpCommandExecutor.execute(HttpCommandExecutor.java:158)
	at org.openqa.selenium.remote.service.DriverCommandExecutor.execute(DriverCommandExecutor.java:83)
	at org.openqa.selenium.remote.RemoteWebDriver.execute(RemoteWebDriver.java:548)
	at org.openqa.selenium.remote.RemoteWebElement.execute(RemoteWebElement.java:276)
	at org.openqa.selenium.remote.RemoteWebElement.click(RemoteWebElement.java:83)
	at jdk.internal.reflect.GeneratedMethodAccessor1.invoke(Unknown Source)
	at java.base/jdk.internal.reflect.DelegatingMethodAccessorImpl.invoke(DelegatingMethodAccessorImpl.java:43)
	at java.base/java.lang.reflect.Method.invoke(Method.java:564)
	at org.openqa.selenium.support.pagefactory.internal.LocatingElementHandler.invoke(LocatingElementHandler.java:51)
	at com.sun.proxy.$Proxy10.click(Unknown Source)
	at com.amazon.Pages.HomePage.searchItem(HomePage.java:37)
	at com.amazon.Tests.HomePageTest.verifySearchBox(HomePageTest.java:49)
	at jdk.internal.reflect.GeneratedMethodAccessor5.invoke(Unknown Source)
	at java.base/jdk.internal.reflect.DelegatingMethodAccessorImpl.invoke(DelegatingMethodAccessorImpl.java:43)
	at java.base/java.lang.reflect.Method.invoke(Method.java:564)
	at org.testng.internal.MethodInvocationHelper.invokeMethod(MethodInvocationHelper.java:108)
	at org.testng.internal.Invoker.invokeMethod(Invoker.java:661)
	at org.testng.internal.Invoker.invokeTestMethod(Invoker.java:869)
	at org.testng.internal.Invoker.invokeTestMethods(Invoker.java:1193)
	at org.testng.internal.TestMethodWorker.invokeTestMethods(TestMethodWorker.java:126)
	at org.testng.internal.TestMethodWorker.run(TestMethodWorker.java:109)
	at org.testng.TestRunner.privateRun(TestRunner.java:744)
	at org.testng.TestRunner.run(TestRunner.java:602)
	at org.testng.SuiteRunner.runTest(SuiteRunner.java:380)
	at org.testng.SuiteRunner.runSequentially(SuiteRunner.java:375)
	at org.testng.SuiteRunner.privateRun(SuiteRunner.java:340)
	at org.testng.SuiteRunner.run(SuiteRunner.java:289)
	at org.testng.SuiteRunnerWorker.runSuite(SuiteRunnerWorker.java:52)
	at org.testng.SuiteRunnerWorker.run(SuiteRunnerWorker.java:86)
	at org.testng.TestNG.runSuitesSequentially(TestNG.java:1301)
	at org.testng.TestNG.runSuitesLocally(TestNG.java:1226)
	at org.testng.TestNG.runSuites(TestNG.java:1144)
	at org.testng.TestNG.run(TestNG.java:1115)
	at org.apache.maven.surefire.testng.TestNGExecutor.run(TestNGExecutor.java:284)
	at org.apache.maven.surefire.testng.TestNGXmlTestSuite.execute(TestNGXmlTestSuite.java:75)
	at org.apache.maven.surefire.testng.TestNGProvider.invoke(TestNGProvider.java:119)
	at org.apache.maven.surefire.booter.ForkedBooter.runSuitesInProcess(ForkedBooter.java:428)
	at org.apache.maven.surefire.booter.ForkedBooter.execute(ForkedBooter.java:162)
	at org.apache.maven.surefire.booter.ForkedBooter.run(ForkedBooter.java:562)
	at org.apache.maven.surefire.booter.ForkedBooter.main(ForkedBooter.java:548)
]]>
            </full-stacktrace>
          </exception> <!-- org.openqa.selenium.TimeoutException -->
          <reporter-output>
          </reporter-output>
        </test-method> <!-- verifySearchBox -->
        <test-method is-config="true" signature="tearDown()[pri:0, instance:com.amazon.Tests.HomePageTest@49070868]" started-at="2022-09-01T22:58:49Z" name="tearDown" finished-at="2022-09-01T22:58:50Z" duration-ms="1305" status="PASS">
          <reporter-output>
          </reporter-output>
        </test-method> <!-- tearDown -->
        <test-method is-config="true" signature="setUp()[pri:0, instance:com.amazon.Tests.HomePageTest@49070868]" started-at="2022-09-01T22:58:50Z" name="setUp" finished-at="2022-09-01T22:58:55Z" duration-ms="5347" status="PASS">
          <reporter-output>
          </reporter-output>
        </test-method> <!-- setUp -->
        <test-method signature="verifySearchBox(java.lang.String, java.lang.String)[pri:2, instance:com.amazon.Tests.HomePageTest@49070868]" started-at="2022-09-01T22:58:55Z" name="verifySearchBox" finished-at="2022-09-01T22:59:10Z" duration-ms="15145" status="FAIL">
          <params>
            <param index="0">
              <value>
                <![CDATA[ntatthakur@gmail.com]]>
              </value>
            </param>
            <param index="1">
              <value>
                <![CDATA[79aAA79@@]]>
              </value>
            </param>
          </params>
          <exception class="org.openqa.selenium.TimeoutException">
            <message>
              <![CDATA[timeout: Timed out receiving message from renderer: 10.000
  (Session info: chrome=105.0.5195.52)
Build info: version: '3.14.0', revision: 'aacccce0', time: '2018-08-02T20:19:58.91Z'
System info: host: 'P63653', ip: '2400:4051:240:9500:4d6f:4dd5:735:59a%en0', os.name: 'Mac OS X', os.arch: 'x86_64', os.version: '10.16', java.version: '15.0.1'
Driver info: org.openqa.selenium.chrome.ChromeDriver
Capabilities {acceptInsecureCerts: false, browserName: chrome, browserVersion: 105.0.5195.52, chrome: {chromedriverVersion: 105.0.5195.52 (412c95e51883..., userDataDir: /var/folders/5n/dg2hg5s131z...}, goog:chromeOptions: {debuggerAddress: localhost:55912}, javascriptEnabled: true, networkConnectionEnabled: false, pageLoadStrategy: normal, platform: MAC, platformName: MAC, proxy: Proxy(), setWindowRect: true, strictFileInteractability: false, timeouts: {implicit: 0, pageLoad: 300000, script: 30000}, unhandledPromptBehavior: dismiss and notify, webauthn:extension:credBlob: true, webauthn:extension:largeBlob: true, webauthn:virtualAuthenticators: true}
Session ID: 2c5597ed8fbbef50cd6c8e050d5adeeb]]>
            </message>
            <full-stacktrace>
              <![CDATA[org.openqa.selenium.TimeoutException: timeout: Timed out receiving message from renderer: 10.000
  (Session info: chrome=105.0.5195.52)
Build info: version: '3.14.0', revision: 'aacccce0', time: '2018-08-02T20:19:58.91Z'
System info: host: 'P63653', ip: '2400:4051:240:9500:4d6f:4dd5:735:59a%en0', os.name: 'Mac OS X', os.arch: 'x86_64', os.version: '10.16', java.version: '15.0.1'
Driver info: org.openqa.selenium.chrome.ChromeDriver
Capabilities {acceptInsecureCerts: false, browserName: chrome, browserVersion: 105.0.5195.52, chrome: {chromedriverVersion: 105.0.5195.52 (412c95e51883..., userDataDir: /var/folders/5n/dg2hg5s131z...}, goog:chromeOptions: {debuggerAddress: localhost:55912}, javascriptEnabled: true, networkConnectionEnabled: false, pageLoadStrategy: normal, platform: MAC, platformName: MAC, proxy: Proxy(), setWindowRect: true, strictFileInteractability: false, timeouts: {implicit: 0, pageLoad: 300000, script: 30000}, unhandledPromptBehavior: dismiss and notify, webauthn:extension:credBlob: true, webauthn:extension:largeBlob: true, webauthn:virtualAuthenticators: true}
Session ID: 2c5597ed8fbbef50cd6c8e050d5adeeb
	at java.base/jdk.internal.reflect.NativeConstructorAccessorImpl.newInstance0(Native Method)
	at java.base/jdk.internal.reflect.NativeConstructorAccessorImpl.newInstance(NativeConstructorAccessorImpl.java:64)
	at java.base/jdk.internal.reflect.DelegatingConstructorAccessorImpl.newInstance(DelegatingConstructorAccessorImpl.java:45)
	at java.base/java.lang.reflect.Constructor.newInstanceWithCaller(Constructor.java:500)
	at java.base/java.lang.reflect.Constructor.newInstance(Constructor.java:481)
	at org.openqa.selenium.remote.http.W3CHttpResponseCodec.createException(W3CHttpResponseCodec.java:187)
	at org.openqa.selenium.remote.http.W3CHttpResponseCodec.decode(W3CHttpResponseCodec.java:122)
	at org.openqa.selenium.remote.http.W3CHttpResponseCodec.decode(W3CHttpResponseCodec.java:49)
	at org.openqa.selenium.remote.HttpCommandExecutor.execute(HttpCommandExecutor.java:158)
	at org.openqa.selenium.remote.service.DriverCommandExecutor.execute(DriverCommandExecutor.java:83)
	at org.openqa.selenium.remote.RemoteWebDriver.execute(RemoteWebDriver.java:548)
	at org.openqa.selenium.remote.RemoteWebElement.execute(RemoteWebElement.java:276)
	at org.openqa.selenium.remote.RemoteWebElement.click(RemoteWebElement.java:83)
	at com.amazon.Pages.SearchResultPage.selectFirstItem(SearchResultPage.java:23)
	at com.amazon.Tests.HomePageTest.verifySearchBox(HomePageTest.java:50)
	at jdk.internal.reflect.GeneratedMethodAccessor5.invoke(Unknown Source)
	at java.base/jdk.internal.reflect.DelegatingMethodAccessorImpl.invoke(DelegatingMethodAccessorImpl.java:43)
	at java.base/java.lang.reflect.Method.invoke(Method.java:564)
	at org.testng.internal.MethodInvocationHelper.invokeMethod(MethodInvocationHelper.java:108)
	at org.testng.internal.Invoker.invokeMethod(Invoker.java:661)
	at org.testng.internal.Invoker.invokeTestMethod(Invoker.java:869)
	at org.testng.internal.Invoker.invokeTestMethods(Invoker.java:1193)
	at org.testng.internal.TestMethodWorker.invokeTestMethods(TestMethodWorker.java:126)
	at org.testng.internal.TestMethodWorker.run(TestMethodWorker.java:109)
	at org.testng.TestRunner.privateRun(TestRunner.java:744)
	at org.testng.TestRunner.run(TestRunner.java:602)
	at org.testng.SuiteRunner.runTest(SuiteRunner.java:380)
	at org.testng.SuiteRunner.runSequentially(SuiteRunner.java:375)
	at org.testng.SuiteRunner.privateRun(SuiteRunner.java:340)
	at org.testng.SuiteRunner.run(SuiteRunner.java:289)
	at org.testng.SuiteRunnerWorker.runSuite(SuiteRunnerWorker.java:52)
	at org.testng.SuiteRunnerWorker.run(SuiteRunnerWorker.java:86)
	at org.testng.TestNG.runSuitesSequentially(TestNG.java:1301)
	at org.testng.TestNG.runSuitesLocally(TestNG.java:1226)
	at org.testng.TestNG.runSuites(TestNG.java:1144)
	at org.testng.TestNG.run(TestNG.java:1115)
	at org.apache.maven.surefire.testng.TestNGExecutor.run(TestNGExecutor.java:284)
	at org.apache.maven.surefire.testng.TestNGXmlTestSuite.execute(TestNGXmlTestSuite.java:75)
	at org.apache.maven.surefire.testng.TestNGProvider.invoke(TestNGProvider.java:119)
	at org.apache.maven.surefire.booter.ForkedBooter.runSuitesInProcess(ForkedBooter.java:428)
	at org.apache.maven.surefire.booter.ForkedBooter.execute(ForkedBooter.java:162)
	at org.apache.maven.surefire.booter.ForkedBooter.run(ForkedBooter.java:562)
	at org.apache.maven.surefire.booter.ForkedBooter.main(ForkedBooter.java:548)
]]>
            </full-stacktrace>
          </exception> <!-- org.openqa.selenium.TimeoutException -->
          <reporter-output>
          </reporter-output>
        </test-method> <!-- verifySearchBox -->
        <test-method is-config="true" signature="tearDown()[pri:0, instance:com.amazon.Tests.HomePageTest@49070868]" started-at="2022-09-01T22:59:10Z" name="tearDown" finished-at="2022-09-01T22:59:12Z" duration-ms="1384" status="PASS">
          <reporter-output>
          </reporter-output>
        </test-method> <!-- tearDown -->
        <test-method is-config="true" signature="setUp()[pri:0, instance:com.amazon.Tests.HomePageTest@49070868]" started-at="2022-09-01T22:59:12Z" name="setUp" finished-at="2022-09-01T22:59:18Z" duration-ms="6609" status="PASS">
          <reporter-output>
          </reporter-output>
        </test-method> <!-- setUp -->
        <test-method signature="verifySearchBox(java.lang.String, java.lang.String)[pri:2, instance:com.amazon.Tests.HomePageTest@49070868]" started-at="2022-09-01T22:59:18Z" name="verifySearchBox" finished-at="2022-09-01T22:59:56Z" duration-ms="37357" status="FAIL">
          <params>
            <param index="0">
              <value>
                <![CDATA[ntatthakur@gmail.com]]>
              </value>
            </param>
            <param index="1">
              <value>
                <![CDATA[79aAA79@@]]>
              </value>
            </param>
          </params>
          <exception class="org.openqa.selenium.NoSuchElementException">
            <message>
              <![CDATA[no such element: Unable to locate element: {"method":"xpath","selector":"//input[@id='add-to-cart-button']"}
  (Session info: chrome=105.0.5195.52)
For documentation on this error, please visit: http://seleniumhq.org/exceptions/no_such_element.html
Build info: version: '3.14.0', revision: 'aacccce0', time: '2018-08-02T20:19:58.91Z'
System info: host: 'P63653', ip: '2400:4051:240:9500:4d6f:4dd5:735:59a%en0', os.name: 'Mac OS X', os.arch: 'x86_64', os.version: '10.16', java.version: '15.0.1'
Driver info: org.openqa.selenium.chrome.ChromeDriver
Capabilities {acceptInsecureCerts: false, browserName: chrome, browserVersion: 105.0.5195.52, chrome: {chromedriverVersion: 105.0.5195.52 (412c95e51883..., userDataDir: /var/folders/5n/dg2hg5s131z...}, goog:chromeOptions: {debuggerAddress: localhost:55982}, javascriptEnabled: true, networkConnectionEnabled: false, pageLoadStrategy: normal, platform: MAC, platformName: MAC, proxy: Proxy(), setWindowRect: true, strictFileInteractability: false, timeouts: {implicit: 0, pageLoad: 300000, script: 30000}, unhandledPromptBehavior: dismiss and notify, webauthn:extension:credBlob: true, webauthn:extension:largeBlob: true, webauthn:virtualAuthenticators: true}
Session ID: 2aed96b2cb5ab090e26a33b431444b47
*** Element info: {Using=xpath, value=//input[@id='add-to-cart-button']}]]>
            </message>
            <full-stacktrace>
              <![CDATA[org.openqa.selenium.NoSuchElementException: no such element: Unable to locate element: {"method":"xpath","selector":"//input[@id='add-to-cart-button']"}
  (Session info: chrome=105.0.5195.52)
For documentation on this error, please visit: http://seleniumhq.org/exceptions/no_such_element.html
Build info: version: '3.14.0', revision: 'aacccce0', time: '2018-08-02T20:19:58.91Z'
System info: host: 'P63653', ip: '2400:4051:240:9500:4d6f:4dd5:735:59a%en0', os.name: 'Mac OS X', os.arch: 'x86_64', os.version: '10.16', java.version: '15.0.1'
Driver info: org.openqa.selenium.chrome.ChromeDriver
Capabilities {acceptInsecureCerts: false, browserName: chrome, browserVersion: 105.0.5195.52, chrome: {chromedriverVersion: 105.0.5195.52 (412c95e51883..., userDataDir: /var/folders/5n/dg2hg5s131z...}, goog:chromeOptions: {debuggerAddress: localhost:55982}, javascriptEnabled: true, networkConnectionEnabled: false, pageLoadStrategy: normal, platform: MAC, platformName: MAC, proxy: Proxy(), setWindowRect: true, strictFileInteractability: false, timeouts: {implicit: 0, pageLoad: 300000, script: 30000}, unhandledPromptBehavior: dismiss and notify, webauthn:extension:credBlob: true, webauthn:extension:largeBlob: true, webauthn:virtualAuthenticators: true}
Session ID: 2aed96b2cb5ab090e26a33b431444b47
*** Element info: {Using=xpath, value=//input[@id='add-to-cart-button']}
	at java.base/jdk.internal.reflect.NativeConstructorAccessorImpl.newInstance0(Native Method)
	at java.base/jdk.internal.reflect.NativeConstructorAccessorImpl.newInstance(NativeConstructorAccessorImpl.java:64)
	at java.base/jdk.internal.reflect.DelegatingConstructorAccessorImpl.newInstance(DelegatingConstructorAccessorImpl.java:45)
	at java.base/java.lang.reflect.Constructor.newInstanceWithCaller(Constructor.java:500)
	at java.base/java.lang.reflect.Constructor.newInstance(Constructor.java:481)
	at org.openqa.selenium.remote.http.W3CHttpResponseCodec.createException(W3CHttpResponseCodec.java:187)
	at org.openqa.selenium.remote.http.W3CHttpResponseCodec.decode(W3CHttpResponseCodec.java:122)
	at org.openqa.selenium.remote.http.W3CHttpResponseCodec.decode(W3CHttpResponseCodec.java:49)
	at org.openqa.selenium.remote.HttpCommandExecutor.execute(HttpCommandExecutor.java:158)
	at org.openqa.selenium.remote.service.DriverCommandExecutor.execute(DriverCommandExecutor.java:83)
	at org.openqa.selenium.remote.RemoteWebDriver.execute(RemoteWebDriver.java:548)
	at org.openqa.selenium.remote.RemoteWebDriver.findElement(RemoteWebDriver.java:322)
	at org.openqa.selenium.remote.RemoteWebDriver.findElementByXPath(RemoteWebDriver.java:424)
	at org.openqa.selenium.By$ByXPath.findElement(By.java:353)
	at org.openqa.selenium.remote.RemoteWebDriver.findElement(RemoteWebDriver.java:314)
	at org.openqa.selenium.support.pagefactory.DefaultElementLocator.findElement(DefaultElementLocator.java:69)
	at org.openqa.selenium.support.pagefactory.internal.LocatingElementHandler.invoke(LocatingElementHandler.java:38)
	at com.sun.proxy.$Proxy10.isDisplayed(Unknown Source)
	at com.amazon.Pages.CartPage.isAddToCartBtnDisplayed(CartPage.java:25)
	at com.amazon.Tests.HomePageTest.verifySearchBox(HomePageTest.java:51)
	at jdk.internal.reflect.GeneratedMethodAccessor5.invoke(Unknown Source)
	at java.base/jdk.internal.reflect.DelegatingMethodAccessorImpl.invoke(DelegatingMethodAccessorImpl.java:43)
	at java.base/java.lang.reflect.Method.invoke(Method.java:564)
	at org.testng.internal.MethodInvocationHelper.invokeMethod(MethodInvocationHelper.java:108)
	at org.testng.internal.Invoker.invokeMethod(Invoker.java:661)
	at org.testng.internal.Invoker.invokeTestMethod(Invoker.java:869)
	at org.testng.internal.Invoker.invokeTestMethods(Invoker.java:1193)
	at org.testng.internal.TestMethodWorker.invokeTestMethods(TestMethodWorker.java:126)
	at org.testng.internal.TestMethodWorker.run(TestMethodWorker.java:109)
	at org.testng.TestRunner.privateRun(TestRunner.java:744)
	at org.testng.TestRunner.run(TestRunner.java:602)
	at org.testng.SuiteRunner.runTest(SuiteRunner.java:380)
	at org.testng.SuiteRunner.runSequentially(SuiteRunner.java:375)
	at org.testng.SuiteRunner.privateRun(SuiteRunner.java:340)
	at org.testng.SuiteRunner.run(SuiteRunner.java:289)
	at org.testng.SuiteRunnerWorker.runSuite(SuiteRunnerWorker.java:52)
	at org.testng.SuiteRunnerWorker.run(SuiteRunnerWorker.java:86)
	at org.testng.TestNG.runSuitesSequentially(TestNG.java:1301)
	at org.testng.TestNG.runSuitesLocally(TestNG.java:1226)
	at org.testng.TestNG.runSuites(TestNG.java:1144)
	at org.testng.TestNG.run(TestNG.java:1115)
	at org.apache.maven.surefire.testng.TestNGExecutor.run(TestNGExecutor.java:284)
	at org.apache.maven.surefire.testng.TestNGXmlTestSuite.execute(TestNGXmlTestSuite.java:75)
	at org.apache.maven.surefire.testng.TestNGProvider.invoke(TestNGProvider.java:119)
	at org.apache.maven.surefire.booter.ForkedBooter.runSuitesInProcess(ForkedBooter.java:428)
	at org.apache.maven.surefire.booter.ForkedBooter.execute(ForkedBooter.java:162)
	at org.apache.maven.surefire.booter.ForkedBooter.run(ForkedBooter.java:562)
	at org.apache.maven.surefire.booter.ForkedBooter.main(ForkedBooter.java:548)
]]>
            </full-stacktrace>
          </exception> <!-- org.openqa.selenium.NoSuchElementException -->
          <reporter-output>
          </reporter-output>
        </test-method> <!-- verifySearchBox -->
        <test-method is-config="true" signature="tearDown()[pri:0, instance:com.amazon.Tests.HomePageTest@49070868]" started-at="2022-09-01T22:59:56Z" name="tearDown" finished-at="2022-09-01T22:59:57Z" duration-ms="1395" status="PASS">
          <reporter-output>
          </reporter-output>
        </test-method> <!-- tearDown -->
      </class> <!-- com.amazon.Tests.HomePageTest -->
    </test> <!-- Amazon Babbel Test -->
  </suite> <!-- Amazon Test Suite -->
</testng-results>
